#
# There is insufficient memory for the Java Runtime Environment to continue.
# Native memory allocation (malloc) failed to allocate 2050592 bytes. Error detail: Chunk::new
# Possible reasons:
#   The system is out of physical RAM or swap space
#   This process is running with CompressedOops enabled, and the Java Heap may be blocking the growth of the native heap
# Possible solutions:
#   Reduce memory load on the system
#   Increase physical memory or swap space
#   Check if swap backing store is full
#   Decrease Java heap size (-Xmx/-Xms)
#   Decrease number of Java threads
#   Decrease Java thread stack sizes (-Xss)
#   Set larger code cache with -XX:ReservedCodeCacheSize=
#   JVM is running with Zero Based Compressed Oops mode in which the Java heap is
#     placed in the first 32GB address space. The Java Heap base address is the
#     maximum limit for the native heap growth. Please use -XX:HeapBaseMinAddress
#     to set the Java Heap base and to place the Java Heap above 32GB virtual address.
# This output file may be truncated or incomplete.
#
#  Out of Memory Error (arena.cpp:150), pid=58488, tid=27756
#
# JRE version: Java(TM) SE Runtime Environment (22.0.1+8) (build 22.0.1+8-16)
# Java VM: Java HotSpot(TM) 64-Bit Server VM (22.0.1+8-16, mixed mode, sharing, tiered, compressed oops, compressed class ptrs, g1 gc, windows-amd64)
# No core dump will be written. Minidumps are not enabled by default on client versions of Windows
#

---------------  S U M M A R Y ------------

Command Line: -Dclassworlds.conf=D:\netbean\NetBeans-21\netbeans\java\maven\bin\m2.conf -Dmaven.home=D:\netbean\NetBeans-21\netbeans\java\maven -Dlibrary.jansi.path=D:\netbean\NetBeans-21\netbeans\java\maven\lib\jansi-native -Dmaven.multiModuleProjectDirectory=E:\quanlybanhangcaffe\Quanlycafee org.codehaus.plexus.classworlds.launcher.Launcher -Dexec.vmArgs= -Dexec.args=${exec.vmArgs} -classpath %classpath ${exec.mainClass} ${exec.appArgs} -Dexec.executable=C:\Program Files\Java\jdk-22\bin\java.exe -Dexec.mainClass=cafe.quanlisp.sanpham -Dexec.classpathScope=runtime -Dexec.appArgs= -Dmaven.ext.class.path=D:\netbean\NetBeans-21\netbeans\java\maven-nblib\netbeans-eventspy.jar --no-transfer-progress process-classes org.codehaus.mojo:exec-maven-plugin:3.1.0:exec

Host: 12th Gen Intel(R) Core(TM) i5-12450H, 12 cores, 15G,  Windows 11 , 64 bit Build 22621 (10.0.22621.3958)
Time: Thu Oct 10 19:02:10 2024 SE Asia Standard Time elapsed time: 3.024119 seconds (0d 0h 0m 3s)

---------------  T H R E A D  ---------------

Current thread (0x00000126cb904720):  JavaThread "C2 CompilerThread0" daemon [_thread_in_native, id=27756, stack(0x00000003f3d00000,0x00000003f3e00000) (1024K)]


Current CompileTask:
C2:3024 7672       4       com.sun.tools.javac.comp.Resolve::rawInstantiate (508 bytes)

Stack: [0x00000003f3d00000,0x00000003f3e00000]
Native frames: (J=compiled Java code, j=interpreted, Vv=VM code, C=native code)
V  [jvm.dll+0x6e2279]  (no source info available)
V  [jvm.dll+0x874e33]  (no source info available)
V  [jvm.dll+0x87725e]  (no source info available)
V  [jvm.dll+0x877933]  (no source info available)
V  [jvm.dll+0x27fd76]  (no source info available)
V  [jvm.dll+0xc3d0f]  (no source info available)
V  [jvm.dll+0xc3f6b]  (no source info available)
V  [jvm.dll+0x3bb10c]  (no source info available)
V  [jvm.dll+0x387b6b]  (no source info available)
V  [jvm.dll+0x386fda]  (no source info available)
V  [jvm.dll+0x247918]  (no source info available)
V  [jvm.dll+0x246fbf]  (no source info available)
V  [jvm.dll+0x1c4e90]  (no source info available)
V  [jvm.dll+0x2569fe]  (no source info available)
V  [jvm.dll+0x254cba]  (no source info available)
V  [jvm.dll+0x3f5336]  (no source info available)
V  [jvm.dll+0x81d44b]  (no source info available)
V  [jvm.dll+0x6e0915]  (no source info available)
C  [ucrtbase.dll+0x29333]  (no source info available)
C  [KERNEL32.DLL+0x1257d]  (no source info available)
C  [ntdll.dll+0x5af28]  (no source info available)


---------------  P R O C E S S  ---------------

Threads class SMR info:
_java_thread_list=0x000001271266bff0, length=16, elements={
0x00000126ac5bb640, 0x00000126cb8f6e50, 0x00000126cb8f7f20, 0x00000126cb8fecc0,
0x00000126cb8ffcd0, 0x00000126cb9028f0, 0x00000126cb903500, 0x00000126cb904720,
0x00000126cb9180b0, 0x00000126cbb7b330, 0x00000126cbb7e9d0, 0x00000126cbbbf810,
0x000001271149ff80, 0x00000127159d5010, 0x000001271339ebe0, 0x000001271339f250
}

Java Threads: ( => current thread )
  0x00000126ac5bb640 JavaThread "main"                              [_thread_in_native, id=2652, stack(0x00000003f2f00000,0x00000003f3000000) (1024K)]
  0x00000126cb8f6e50 JavaThread "Reference Handler"          daemon [_thread_blocked, id=44100, stack(0x00000003f3700000,0x00000003f3800000) (1024K)]
  0x00000126cb8f7f20 JavaThread "Finalizer"                  daemon [_thread_blocked, id=44740, stack(0x00000003f3800000,0x00000003f3900000) (1024K)]
  0x00000126cb8fecc0 JavaThread "Signal Dispatcher"          daemon [_thread_blocked, id=26336, stack(0x00000003f3900000,0x00000003f3a00000) (1024K)]
  0x00000126cb8ffcd0 JavaThread "Attach Listener"            daemon [_thread_blocked, id=13776, stack(0x00000003f3a00000,0x00000003f3b00000) (1024K)]
  0x00000126cb9028f0 JavaThread "Service Thread"             daemon [_thread_blocked, id=20152, stack(0x00000003f3b00000,0x00000003f3c00000) (1024K)]
  0x00000126cb903500 JavaThread "Monitor Deflation Thread"   daemon [_thread_blocked, id=43756, stack(0x00000003f3c00000,0x00000003f3d00000) (1024K)]
=>0x00000126cb904720 JavaThread "C2 CompilerThread0"         daemon [_thread_in_native, id=27756, stack(0x00000003f3d00000,0x00000003f3e00000) (1024K)]
  0x00000126cb9180b0 JavaThread "C1 CompilerThread0"         daemon [_thread_blocked, id=16968, stack(0x00000003f3e00000,0x00000003f3f00000) (1024K)]
  0x00000126cbb7b330 JavaThread "Notification Thread"        daemon [_thread_blocked, id=19584, stack(0x00000003f3f00000,0x00000003f4000000) (1024K)]
  0x00000126cbb7e9d0 JavaThread "Common-Cleaner"             daemon [_thread_blocked, id=63040, stack(0x00000003f4000000,0x00000003f4100000) (1024K)]
  0x00000126cbbbf810 JavaThread "C2 CompilerThread1"         daemon [_thread_blocked, id=40460, stack(0x00000003f4100000,0x00000003f4200000) (1024K)]
  0x000001271149ff80 JavaThread "C2 CompilerThread2"         daemon [_thread_blocked, id=43936, stack(0x00000003f4200000,0x00000003f4300000) (1024K)]
  0x00000127159d5010 JavaThread "Exec Stream Pumper"         daemon [_thread_in_native, id=44808, stack(0x00000003f4e00000,0x00000003f4f00000) (1024K)]
  0x000001271339ebe0 JavaThread "Exec Stream Pumper"         daemon [_thread_in_native, id=42260, stack(0x00000003f4f00000,0x00000003f5000000) (1024K)]
  0x000001271339f250 JavaThread "Exec Input Stream Pumper"   daemon [_thread_blocked, id=51192, stack(0x00000003f5000000,0x00000003f5100000) (1024K)]
Total: 16

Other Threads:
  0x00000126cb8dc1d0 VMThread "VM Thread"                           [id=10064, stack(0x00000003f3600000,0x00000003f3700000) (1024K)]
  0x00000126cb8c24e0 WatcherThread "VM Periodic Task Thread"        [id=27456, stack(0x00000003f3500000,0x00000003f3600000) (1024K)]
  0x00000126ac61dfd0 WorkerThread "GC Thread#0"                     [id=20576, stack(0x00000003f3000000,0x00000003f3100000) (1024K)]
  0x00000127120ed3b0 WorkerThread "GC Thread#1"                     [id=57044, stack(0x00000003f4300000,0x00000003f4400000) (1024K)]
  0x0000012712635a50 WorkerThread "GC Thread#2"                     [id=31124, stack(0x00000003f4400000,0x00000003f4500000) (1024K)]
  0x00000127117fe790 WorkerThread "GC Thread#3"                     [id=5096, stack(0x00000003f4500000,0x00000003f4600000) (1024K)]
  0x00000127117feb40 WorkerThread "GC Thread#4"                     [id=57744, stack(0x00000003f4600000,0x00000003f4700000) (1024K)]
  0x00000127126c2430 WorkerThread "GC Thread#5"                     [id=51168, stack(0x00000003f4700000,0x00000003f4800000) (1024K)]
  0x00000127122fd690 WorkerThread "GC Thread#6"                     [id=3680, stack(0x00000003f4800000,0x00000003f4900000) (1024K)]
  0x00000127121ed270 WorkerThread "GC Thread#7"                     [id=29188, stack(0x00000003f4900000,0x00000003f4a00000) (1024K)]
  0x00000127121ed620 WorkerThread "GC Thread#8"                     [id=10116, stack(0x00000003f4a00000,0x00000003f4b00000) (1024K)]
  0x0000012711f26e60 WorkerThread "GC Thread#9"                     [id=17704, stack(0x00000003f4b00000,0x00000003f4c00000) (1024K)]
  0x00000126ac62fb90 ConcurrentGCThread "G1 Main Marker"            [id=46184, stack(0x00000003f3100000,0x00000003f3200000) (1024K)]
  0x00000126ac630e40 WorkerThread "G1 Conc#0"                       [id=41232, stack(0x00000003f3200000,0x00000003f3300000) (1024K)]
  0x0000012712fd7150 WorkerThread "G1 Conc#1"                       [id=6792, stack(0x00000003f4c00000,0x00000003f4d00000) (1024K)]
  0x0000012712fd69f0 WorkerThread "G1 Conc#2"                       [id=59472, stack(0x00000003f4d00000,0x00000003f4e00000) (1024K)]
  0x00000126cb7931f0 ConcurrentGCThread "G1 Refine#0"               [id=49324, stack(0x00000003f3300000,0x00000003f3400000) (1024K)]
  0x00000126cb793d30 ConcurrentGCThread "G1 Service"                [id=27104, stack(0x00000003f3400000,0x00000003f3500000) (1024K)]
Total: 18

Threads with active compile tasks:
C2 CompilerThread0  3047 7672       4       com.sun.tools.javac.comp.Resolve::rawInstantiate (508 bytes)
Total: 1

VM state: not at safepoint (normal execution)

VM Mutex/Monitor currently owned by a thread: None

Heap address: 0x0000000705e00000, size: 4002 MB, Compressed Oops mode: Zero based, Oop shift amount: 3

CDS archive(s) mapped at: [0x00000126cc000000-0x00000126ccc60000-0x00000126ccc60000), size 12976128, SharedBaseAddress: 0x00000126cc000000, ArchiveRelocationMode: 1.
Compressed class space mapped at: 0x00000126cd000000-0x000001270d000000, reserved size: 1073741824
Narrow klass base: 0x00000126cc000000, Narrow klass shift: 0, Narrow klass range: 0x41000000

GC Precious Log:
 CardTable entry size: 512
 Card Set container configuration: InlinePtr #cards 4 size 8 Array Of Cards #cards 16 size 48 Howl #buckets 8 coarsen threshold 3686 Howl Bitmap #cards 512 size 80 coarsen threshold 460 Card regions per heap region 1 cards per card region 4096
 CPUs: 12 total, 12 available
 Memory: 16004M
 Large Page Support: Disabled
 NUMA Support: Disabled
 Compressed Oops: Enabled (Zero based)
 Heap Region Size: 2M
 Heap Min Capacity: 8M
 Heap Initial Capacity: 252M
 Heap Max Capacity: 4002M
 Pre-touch: Disabled
 Parallel Workers: 10
 Concurrent Workers: 3
 Concurrent Refinement Workers: 10
 Periodic GC: Disabled

Heap:
 garbage-first heap   total reserved 4098048K, committed 131072K, used 44998K [0x0000000705e00000, 0x0000000800000000)
  region size 2048K, 4 young (8192K), 3 survivors (6144K)
 Metaspace       used 28603K, committed 28992K, reserved 1114112K
  class space    used 3271K, committed 3456K, reserved 1048576K

Heap Regions: E=young(eden), S=young(survivor), O=old, HS=humongous(starts), HC=humongous(continues), CS=collection set, F=free, TAMS=top-at-mark-start, PB=parsable bottom
|   0|0x0000000705e00000, 0x0000000706000000, 0x0000000706000000|100%| O|  |TAMS 0x0000000705e00000| PB 0x0000000705e00000| Untracked |  0
|   1|0x0000000706000000, 0x0000000706200000, 0x0000000706200000|100%| O|  |TAMS 0x0000000706000000| PB 0x0000000706000000| Untracked |  0
|   2|0x0000000706200000, 0x0000000706400000, 0x0000000706400000|100%| O|  |TAMS 0x0000000706200000| PB 0x0000000706200000| Untracked |  0
|   3|0x0000000706400000, 0x0000000706600000, 0x0000000706600000|100%| O|  |TAMS 0x0000000706400000| PB 0x0000000706400000| Untracked |  0
|   4|0x0000000706600000, 0x0000000706800000, 0x0000000706800000|100%| O|  |TAMS 0x0000000706600000| PB 0x0000000706600000| Untracked |  0
|   5|0x0000000706800000, 0x0000000706a00000, 0x0000000706a00000|100%| O|  |TAMS 0x0000000706800000| PB 0x0000000706800000| Untracked |  0
|   6|0x0000000706a00000, 0x0000000706c00000, 0x0000000706c00000|100%| O|  |TAMS 0x0000000706a00000| PB 0x0000000706a00000| Untracked |  0
|   7|0x0000000706c00000, 0x0000000706e00000, 0x0000000706e00000|100%| O|  |TAMS 0x0000000706c00000| PB 0x0000000706c00000| Untracked |  0
|   8|0x0000000706e00000, 0x0000000707000000, 0x0000000707000000|100%| O|  |TAMS 0x0000000706e00000| PB 0x0000000706e00000| Untracked |  0
|   9|0x0000000707000000, 0x0000000707200000, 0x0000000707200000|100%| O|  |TAMS 0x0000000707000000| PB 0x0000000707000000| Untracked |  0
|  10|0x0000000707200000, 0x0000000707400000, 0x0000000707400000|100%| O|  |TAMS 0x0000000707200000| PB 0x0000000707200000| Untracked |  0
|  11|0x0000000707400000, 0x0000000707600000, 0x0000000707600000|100%| O|  |TAMS 0x0000000707400000| PB 0x0000000707400000| Untracked |  0
|  12|0x0000000707600000, 0x0000000707800000, 0x0000000707800000|100%| O|  |TAMS 0x0000000707600000| PB 0x0000000707600000| Untracked |  0
|  13|0x0000000707800000, 0x0000000707a00000, 0x0000000707a00000|100%| O|  |TAMS 0x0000000707800000| PB 0x0000000707800000| Untracked |  0
|  14|0x0000000707a00000, 0x0000000707c00000, 0x0000000707c00000|100%| O|  |TAMS 0x0000000707a00000| PB 0x0000000707a00000| Untracked |  0
|  15|0x0000000707c00000, 0x0000000707e00000, 0x0000000707e00000|100%| O|  |TAMS 0x0000000707c00000| PB 0x0000000707c00000| Untracked |  0
|  16|0x0000000707e00000, 0x0000000707ec2958, 0x0000000708000000| 38%| O|  |TAMS 0x0000000707e00000| PB 0x0000000707e00000| Untracked |  0
|  17|0x0000000708000000, 0x0000000708000000, 0x0000000708200000|  0%| F|  |TAMS 0x0000000708000000| PB 0x0000000708000000| Untracked |  0
|  18|0x0000000708200000, 0x0000000708200000, 0x0000000708400000|  0%| F|  |TAMS 0x0000000708200000| PB 0x0000000708200000| Untracked |  0
|  19|0x0000000708400000, 0x0000000708400000, 0x0000000708600000|  0%| F|  |TAMS 0x0000000708400000| PB 0x0000000708400000| Untracked |  0
|  20|0x0000000708600000, 0x0000000708600000, 0x0000000708800000|  0%| F|  |TAMS 0x0000000708600000| PB 0x0000000708600000| Untracked |  0
|  21|0x0000000708800000, 0x0000000708800000, 0x0000000708a00000|  0%| F|  |TAMS 0x0000000708800000| PB 0x0000000708800000| Untracked |  0
|  22|0x0000000708a00000, 0x0000000708a00000, 0x0000000708c00000|  0%| F|  |TAMS 0x0000000708a00000| PB 0x0000000708a00000| Untracked |  0
|  23|0x0000000708c00000, 0x0000000708c00000, 0x0000000708e00000|  0%| F|  |TAMS 0x0000000708c00000| PB 0x0000000708c00000| Untracked |  0
|  24|0x0000000708e00000, 0x0000000708f2f108, 0x0000000709000000| 59%| S|CS|TAMS 0x0000000708e00000| PB 0x0000000708e00000| Complete |  0
|  25|0x0000000709000000, 0x0000000709200000, 0x0000000709200000|100%| S|CS|TAMS 0x0000000709000000| PB 0x0000000709000000| Complete |  0
|  26|0x0000000709200000, 0x0000000709400000, 0x0000000709400000|100%| S|CS|TAMS 0x0000000709200000| PB 0x0000000709200000| Complete |  0
|  27|0x0000000709400000, 0x0000000709400000, 0x0000000709600000|  0%| F|  |TAMS 0x0000000709400000| PB 0x0000000709400000| Untracked |  0
|  28|0x0000000709600000, 0x0000000709600000, 0x0000000709800000|  0%| F|  |TAMS 0x0000000709600000| PB 0x0000000709600000| Untracked |  0
|  29|0x0000000709800000, 0x0000000709800000, 0x0000000709a00000|  0%| F|  |TAMS 0x0000000709800000| PB 0x0000000709800000| Untracked |  0
|  30|0x0000000709a00000, 0x0000000709a00000, 0x0000000709c00000|  0%| F|  |TAMS 0x0000000709a00000| PB 0x0000000709a00000| Untracked |  0
|  31|0x0000000709c00000, 0x0000000709c00000, 0x0000000709e00000|  0%| F|  |TAMS 0x0000000709c00000| PB 0x0000000709c00000| Untracked |  0
|  32|0x0000000709e00000, 0x0000000709e00000, 0x000000070a000000|  0%| F|  |TAMS 0x0000000709e00000| PB 0x0000000709e00000| Untracked |  0
|  33|0x000000070a000000, 0x000000070a000000, 0x000000070a200000|  0%| F|  |TAMS 0x000000070a000000| PB 0x000000070a000000| Untracked |  0
|  34|0x000000070a200000, 0x000000070a200000, 0x000000070a400000|  0%| F|  |TAMS 0x000000070a200000| PB 0x000000070a200000| Untracked |  0
|  35|0x000000070a400000, 0x000000070a400000, 0x000000070a600000|  0%| F|  |TAMS 0x000000070a400000| PB 0x000000070a400000| Untracked |  0
|  36|0x000000070a600000, 0x000000070a600000, 0x000000070a800000|  0%| F|  |TAMS 0x000000070a600000| PB 0x000000070a600000| Untracked |  0
|  37|0x000000070a800000, 0x000000070a800000, 0x000000070aa00000|  0%| F|  |TAMS 0x000000070a800000| PB 0x000000070a800000| Untracked |  0
|  38|0x000000070aa00000, 0x000000070aa00000, 0x000000070ac00000|  0%| F|  |TAMS 0x000000070aa00000| PB 0x000000070aa00000| Untracked |  0
|  39|0x000000070ac00000, 0x000000070ac00000, 0x000000070ae00000|  0%| F|  |TAMS 0x000000070ac00000| PB 0x000000070ac00000| Untracked |  0
|  40|0x000000070ae00000, 0x000000070ae00000, 0x000000070b000000|  0%| F|  |TAMS 0x000000070ae00000| PB 0x000000070ae00000| Untracked |  0
|  41|0x000000070b000000, 0x000000070b000000, 0x000000070b200000|  0%| F|  |TAMS 0x000000070b000000| PB 0x000000070b000000| Untracked |  0
|  42|0x000000070b200000, 0x000000070b200000, 0x000000070b400000|  0%| F|  |TAMS 0x000000070b200000| PB 0x000000070b200000| Untracked |  0
|  43|0x000000070b400000, 0x000000070b400000, 0x000000070b600000|  0%| F|  |TAMS 0x000000070b400000| PB 0x000000070b400000| Untracked |  0
|  44|0x000000070b600000, 0x000000070b600000, 0x000000070b800000|  0%| F|  |TAMS 0x000000070b600000| PB 0x000000070b600000| Untracked |  0
|  45|0x000000070b800000, 0x000000070b800000, 0x000000070ba00000|  0%| F|  |TAMS 0x000000070b800000| PB 0x000000070b800000| Untracked |  0
|  46|0x000000070ba00000, 0x000000070ba00000, 0x000000070bc00000|  0%| F|  |TAMS 0x000000070ba00000| PB 0x000000070ba00000| Untracked |  0
|  47|0x000000070bc00000, 0x000000070bc00000, 0x000000070be00000|  0%| F|  |TAMS 0x000000070bc00000| PB 0x000000070bc00000| Untracked |  0
|  48|0x000000070be00000, 0x000000070be00000, 0x000000070c000000|  0%| F|  |TAMS 0x000000070be00000| PB 0x000000070be00000| Untracked |  0
|  49|0x000000070c000000, 0x000000070c000000, 0x000000070c200000|  0%| F|  |TAMS 0x000000070c000000| PB 0x000000070c000000| Untracked |  0
|  50|0x000000070c200000, 0x000000070c200000, 0x000000070c400000|  0%| F|  |TAMS 0x000000070c200000| PB 0x000000070c200000| Untracked |  0
|  51|0x000000070c400000, 0x000000070c400000, 0x000000070c600000|  0%| F|  |TAMS 0x000000070c400000| PB 0x000000070c400000| Untracked |  0
|  52|0x000000070c600000, 0x000000070c600000, 0x000000070c800000|  0%| F|  |TAMS 0x000000070c600000| PB 0x000000070c600000| Untracked |  0
|  53|0x000000070c800000, 0x000000070c800000, 0x000000070ca00000|  0%| F|  |TAMS 0x000000070c800000| PB 0x000000070c800000| Untracked |  0
|  54|0x000000070ca00000, 0x000000070ca00000, 0x000000070cc00000|  0%| F|  |TAMS 0x000000070ca00000| PB 0x000000070ca00000| Untracked |  0
|  74|0x000000070f200000, 0x000000070f200000, 0x000000070f400000|  0%| F|  |TAMS 0x000000070f200000| PB 0x000000070f200000| Untracked |  0
|  75|0x000000070f400000, 0x000000070f400000, 0x000000070f600000|  0%| F|  |TAMS 0x000000070f400000| PB 0x000000070f400000| Untracked |  0
|  76|0x000000070f600000, 0x000000070f600000, 0x000000070f800000|  0%| F|  |TAMS 0x000000070f600000| PB 0x000000070f600000| Untracked |  0
|  77|0x000000070f800000, 0x000000070f800000, 0x000000070fa00000|  0%| F|  |TAMS 0x000000070f800000| PB 0x000000070f800000| Untracked |  0
|  78|0x000000070fa00000, 0x000000070fa00000, 0x000000070fc00000|  0%| F|  |TAMS 0x000000070fa00000| PB 0x000000070fa00000| Untracked |  0
| 125|0x0000000715800000, 0x0000000715a00000, 0x0000000715a00000|100%| E|  |TAMS 0x0000000715800000| PB 0x0000000715800000| Complete |  0
|1998|0x00000007ffa00000, 0x00000007ffc00000, 0x00000007ffc00000|100%| O|  |TAMS 0x00000007ffa00000| PB 0x00000007ffa00000| Untracked |  0
|1999|0x00000007ffc00000, 0x00000007ffe00000, 0x00000007ffe00000|100%| O|  |TAMS 0x00000007ffc00000| PB 0x00000007ffc00000| Untracked |  0
|2000|0x00000007ffe00000, 0x0000000800000000, 0x0000000800000000|100%| O|  |TAMS 0x00000007ffe00000| PB 0x00000007ffe00000| Untracked |  0

Card table byte_map: [0x00000126c4620000,0x00000126c4e00000] _byte_map_base: 0x00000126c0df1000

Marking Bits: (CMBitMap*) 0x00000126ac61f6f0
 Bits: [0x00000126c4e00000, 0x00000126c8c88000)

Polling page: 0x00000126aa580000

Metaspace:

Usage:
  Non-class:     24.74 MB used.
      Class:      3.20 MB used.
       Both:     27.93 MB used.

Virtual space:
  Non-class space:       64.00 MB reserved,      24.94 MB ( 39%) committed,  1 nodes.
      Class space:        1.00 GB reserved,       3.38 MB ( <1%) committed,  1 nodes.
             Both:        1.06 GB reserved,      28.31 MB (  3%) committed. 

Chunk freelists:
   Non-Class:  7.01 MB
       Class:  12.60 MB
        Both:  19.61 MB

MaxMetaspaceSize: unlimited
CompressedClassSpaceSize: 1.00 GB
Initial GC threshold: 21.00 MB
Current GC threshold: 35.25 MB
CDS: on
 - commit_granule_bytes: 65536.
 - commit_granule_words: 8192.
 - virtual_space_node_default_size: 8388608.
 - enlarge_chunks_in_place: 1.
 - use_allocation_guard: 0.


Internal statistics:

num_allocs_failed_limit: 3.
num_arena_births: 326.
num_arena_deaths: 0.
num_vsnodes_births: 2.
num_vsnodes_deaths: 0.
num_space_committed: 453.
num_space_uncommitted: 0.
num_chunks_returned_to_freelist: 3.
num_chunks_taken_from_freelist: 1334.
num_chunk_merges: 3.
num_chunk_splits: 954.
num_chunks_enlarged: 749.
num_inconsistent_stats: 0.

CodeHeap 'non-profiled nmethods': size=120000Kb used=4325Kb max_used=4325Kb free=115674Kb
 bounds [0x00000126bc3c0000, 0x00000126bc800000, 0x00000126c38f0000]
CodeHeap 'profiled nmethods': size=120000Kb used=16802Kb max_used=16802Kb free=103198Kb
 bounds [0x00000126b48f0000, 0x00000126b5960000, 0x00000126bbe20000]
CodeHeap 'non-nmethods': size=5760Kb used=1462Kb max_used=1538Kb free=4297Kb
 bounds [0x00000126bbe20000, 0x00000126bc090000, 0x00000126bc3c0000]
 total_blobs=8365 nmethods=7822 adapters=447
 compilation: enabled
              stopped_count=0, restarted_count=0
 full_count=0

Compilation events (20 events):
Event: 2.988 Thread 0x00000126cbbbf810 nmethod 7805 0x00000126bc7f7690 code [0x00000126bc7f7860, 0x00000126bc7f7d40]
Event: 2.989 Thread 0x00000126cb9180b0 7812       3       java.lang.StringBuffer::<init> (7 bytes)
Event: 2.989 Thread 0x00000126cb9180b0 nmethod 7812 0x00000126b5955010 code [0x00000126b59551c0, 0x00000126b5955300]
Event: 2.990 Thread 0x000001271149ff80 nmethod 7806 0x00000126bc7f7f90 code [0x00000126bc7f8140, 0x00000126bc7f8878]
Event: 2.990 Thread 0x00000126cb9180b0 7813       3       java.lang.ProcessEnvironment$CheckedEntrySet$1::hasNext (10 bytes)
Event: 2.990 Thread 0x00000126cb9180b0 nmethod 7813 0x00000126b5955390 code [0x00000126b5955540, 0x00000126b5955720]
Event: 2.990 Thread 0x00000126cb9180b0 7816       3       java.lang.ProcessEnvironment$CheckedEntry::getKey (13 bytes)
Event: 2.990 Thread 0x00000126cb9180b0 nmethod 7816 0x00000126b5955810 code [0x00000126b59559c0, 0x00000126b5955c70]
Event: 2.990 Thread 0x00000126cb9180b0 7815       3       java.lang.ProcessEnvironment$CheckedEntry::getKey (5 bytes)
Event: 2.990 Thread 0x00000126cb9180b0 nmethod 7815 0x00000126b5955d90 code [0x00000126b5955f40, 0x00000126b5956248]
Event: 2.990 Thread 0x00000126cb9180b0 7817       3       java.lang.ProcessEnvironment$EntryComparator::compare (13 bytes)
Event: 2.990 Thread 0x00000126cb9180b0 nmethod 7817 0x00000126b5956390 code [0x00000126b5956580, 0x00000126b5956c58]
Event: 2.990 Thread 0x00000126cb9180b0 7818       3       java.lang.ProcessEnvironment$EntryComparator::compare (25 bytes)
Event: 2.990 Thread 0x00000126cb9180b0 nmethod 7818 0x00000126b5956e10 code [0x00000126b5956fe0, 0x00000126b5957480]
Event: 2.990 Thread 0x00000126cb9180b0 7814       3       java.lang.ProcessEnvironment$CheckedEntrySet$1::next (5 bytes)
Event: 2.990 Thread 0x00000126cb9180b0 nmethod 7814 0x00000126b5957610 code [0x00000126b59577e0, 0x00000126b5957ca0]
Event: 2.992 Thread 0x00000126cb9180b0 7821       3       java.lang.System::getProperty (25 bytes)
Event: 2.993 Thread 0x00000126cb9180b0 nmethod 7821 0x00000126b5957e10 code [0x00000126b5958020, 0x00000126b5958610]
Event: 3.001 Thread 0x00000126cb9180b0 7823       1       java.util.logging.Logger::getName (5 bytes)
Event: 3.001 Thread 0x00000126cb9180b0 nmethod 7823 0x00000126bc7f9410 code [0x00000126bc7f95a0, 0x00000126bc7f9670]

GC Heap History (18 events):
Event: 0.481 GC heap before
{Heap before GC invocations=0 (full 0):
 garbage-first heap   total reserved 4098048K, committed 258048K, used 24576K [0x0000000705e00000, 0x0000000800000000)
  region size 2048K, 12 young (24576K), 0 survivors (0K)
 Metaspace       used 5705K, committed 5888K, reserved 1114112K
  class space    used 672K, committed 768K, reserved 1048576K
}
Event: 0.484 GC heap after
{Heap after GC invocations=1 (full 0):
 garbage-first heap   total reserved 4098048K, committed 258048K, used 4162K [0x0000000705e00000, 0x0000000800000000)
  region size 2048K, 2 young (4096K), 2 survivors (4096K)
 Metaspace       used 5705K, committed 5888K, reserved 1114112K
  class space    used 672K, committed 768K, reserved 1048576K
}
Event: 0.897 GC heap before
{Heap before GC invocations=1 (full 0):
 garbage-first heap   total reserved 4098048K, committed 258048K, used 38978K [0x0000000705e00000, 0x0000000800000000)
  region size 2048K, 20 young (40960K), 2 survivors (4096K)
 Metaspace       used 11463K, committed 11648K, reserved 1114112K
  class space    used 1399K, committed 1472K, reserved 1048576K
}
Event: 0.900 GC heap after
{Heap after GC invocations=2 (full 0):
 garbage-first heap   total reserved 4098048K, committed 258048K, used 6580K [0x0000000705e00000, 0x0000000800000000)
  region size 2048K, 2 young (4096K), 2 survivors (4096K)
 Metaspace       used 11463K, committed 11648K, reserved 1114112K
  class space    used 1399K, committed 1472K, reserved 1048576K
}
Event: 1.789 GC heap before
{Heap before GC invocations=2 (full 0):
 garbage-first heap   total reserved 4098048K, committed 258048K, used 96692K [0x0000000705e00000, 0x0000000800000000)
  region size 2048K, 47 young (96256K), 2 survivors (4096K)
 Metaspace       used 21168K, committed 21504K, reserved 1114112K
  class space    used 2549K, committed 2752K, reserved 1048576K
}
Event: 1.794 GC heap after
{Heap after GC invocations=3 (full 0):
 garbage-first heap   total reserved 4098048K, committed 258048K, used 13633K [0x0000000705e00000, 0x0000000800000000)
  region size 2048K, 5 young (10240K), 5 survivors (10240K)
 Metaspace       used 21168K, committed 21504K, reserved 1114112K
  class space    used 2549K, committed 2752K, reserved 1048576K
}
Event: 2.081 GC heap before
{Heap before GC invocations=4 (full 0):
 garbage-first heap   total reserved 4098048K, committed 49152K, used 48449K [0x0000000705e00000, 0x0000000800000000)
  region size 2048K, 22 young (45056K), 5 survivors (10240K)
 Metaspace       used 24964K, committed 25344K, reserved 1114112K
  class space    used 2927K, committed 3136K, reserved 1048576K
}
Event: 2.088 GC heap after
{Heap after GC invocations=5 (full 0):
 garbage-first heap   total reserved 4098048K, committed 71680K, used 24988K [0x0000000705e00000, 0x0000000800000000)
  region size 2048K, 10 young (20480K), 10 survivors (20480K)
 Metaspace       used 24964K, committed 25344K, reserved 1114112K
  class space    used 2927K, committed 3136K, reserved 1048576K
}
Event: 2.147 GC heap before
{Heap before GC invocations=5 (full 0):
 garbage-first heap   total reserved 4098048K, committed 71680K, used 43420K [0x0000000705e00000, 0x0000000800000000)
  region size 2048K, 19 young (38912K), 10 survivors (20480K)
 Metaspace       used 25125K, committed 25472K, reserved 1114112K
  class space    used 2949K, committed 3136K, reserved 1048576K
}
Event: 2.156 GC heap after
{Heap after GC invocations=6 (full 0):
 garbage-first heap   total reserved 4098048K, committed 75776K, used 33177K [0x0000000705e00000, 0x0000000800000000)
  region size 2048K, 3 young (6144K), 3 survivors (6144K)
 Metaspace       used 25125K, committed 25472K, reserved 1114112K
  class space    used 2949K, committed 3136K, reserved 1048576K
}
Event: 2.223 GC heap before
{Heap before GC invocations=6 (full 0):
 garbage-first heap   total reserved 4098048K, committed 75776K, used 57753K [0x0000000705e00000, 0x0000000800000000)
  region size 2048K, 15 young (30720K), 3 survivors (6144K)
 Metaspace       used 25391K, committed 25728K, reserved 1114112K
  class space    used 2982K, committed 3136K, reserved 1048576K
}
Event: 2.229 GC heap after
{Heap after GC invocations=7 (full 0):
 garbage-first heap   total reserved 4098048K, committed 75776K, used 36864K [0x0000000705e00000, 0x0000000800000000)
  region size 2048K, 2 young (4096K), 2 survivors (4096K)
 Metaspace       used 25391K, committed 25728K, reserved 1114112K
  class space    used 2982K, committed 3136K, reserved 1048576K
}
Event: 2.345 GC heap before
{Heap before GC invocations=7 (full 0):
 garbage-first heap   total reserved 4098048K, committed 75776K, used 61440K [0x0000000705e00000, 0x0000000800000000)
  region size 2048K, 14 young (28672K), 2 survivors (4096K)
 Metaspace       used 25933K, committed 26304K, reserved 1114112K
  class space    used 3013K, committed 3200K, reserved 1048576K
}
Event: 2.351 GC heap after
{Heap after GC invocations=8 (full 0):
 garbage-first heap   total reserved 4098048K, committed 131072K, used 40216K [0x0000000705e00000, 0x0000000800000000)
  region size 2048K, 2 young (4096K), 2 survivors (4096K)
 Metaspace       used 25933K, committed 26304K, reserved 1114112K
  class space    used 3013K, committed 3200K, reserved 1048576K
}
Event: 2.757 GC heap before
{Heap before GC invocations=8 (full 0):
 garbage-first heap   total reserved 4098048K, committed 131072K, used 101656K [0x0000000705e00000, 0x0000000800000000)
  region size 2048K, 32 young (65536K), 2 survivors (4096K)
 Metaspace       used 27854K, committed 28288K, reserved 1114112K
  class space    used 3215K, committed 3392K, reserved 1048576K
}
Event: 2.764 GC heap after
{Heap after GC invocations=9 (full 0):
 garbage-first heap   total reserved 4098048K, committed 131072K, used 44604K [0x0000000705e00000, 0x0000000800000000)
  region size 2048K, 4 young (8192K), 4 survivors (8192K)
 Metaspace       used 27854K, committed 28288K, reserved 1114112K
  class space    used 3215K, committed 3392K, reserved 1048576K
}
Event: 2.995 GC heap before
{Heap before GC invocations=9 (full 0):
 garbage-first heap   total reserved 4098048K, committed 131072K, used 106044K [0x0000000705e00000, 0x0000000800000000)
  region size 2048K, 34 young (69632K), 4 survivors (8192K)
 Metaspace       used 28566K, committed 28992K, reserved 1114112K
  class space    used 3266K, committed 3456K, reserved 1048576K
}
Event: 3.000 GC heap after
{Heap after GC invocations=10 (full 0):
 garbage-first heap   total reserved 4098048K, committed 131072K, used 44998K [0x0000000705e00000, 0x0000000800000000)
  region size 2048K, 3 young (6144K), 3 survivors (6144K)
 Metaspace       used 28566K, committed 28992K, reserved 1114112K
  class space    used 3266K, committed 3456K, reserved 1048576K
}

Dll operation events (8 events):
Event: 0.004 Loaded shared library C:\Program Files\Java\jdk-22\bin\java.dll
Event: 0.079 Loaded shared library C:\Program Files\Java\jdk-22\bin\jsvml.dll
Event: 0.091 Loaded shared library C:\Program Files\Java\jdk-22\bin\net.dll
Event: 0.093 Loaded shared library C:\Program Files\Java\jdk-22\bin\nio.dll
Event: 0.094 Loaded shared library C:\Program Files\Java\jdk-22\bin\zip.dll
Event: 0.167 Loaded shared library C:\Program Files\Java\jdk-22\bin\jimage.dll
Event: 0.171 Loaded shared library D:\netbean\NetBeans-21\netbeans\java\maven\lib\jansi-native\Windows\x86_64\jansi.dll
Event: 0.178 Loaded shared library C:\Program Files\Java\jdk-22\bin\verify.dll

Deoptimization events (20 events):
Event: 2.982 Thread 0x00000126ac5bb640 Uncommon trap: trap_request=0xffffff45 fr.pc=0x00000126bc65f1a4 relative=0x0000000000000204
Event: 2.982 Thread 0x00000126ac5bb640 Uncommon trap: reason=unstable_if action=reinterpret pc=0x00000126bc65f1a4 method=java.util.concurrent.locks.ReentrantReadWriteLock$Sync.tryAcquireShared(I)I @ 13 c2
Event: 2.982 Thread 0x00000126ac5bb640 DEOPT PACKING pc=0x00000126bc65f1a4 sp=0x00000003f2ffd130
Event: 2.982 Thread 0x00000126ac5bb640 DEOPT UNPACKING pc=0x00000126bbe746a2 sp=0x00000003f2ffd078 mode 2
Event: 2.990 Thread 0x00000126ac5bb640 Uncommon trap: trap_request=0xffffffbe fr.pc=0x00000126bc4b8c48 relative=0x00000000000010a8
Event: 2.990 Thread 0x00000126ac5bb640 Uncommon trap: reason=profile_predicate action=maybe_recompile pc=0x00000126bc4b8c48 method=java.util.TimSort.binarySort([Ljava/lang/Object;IIILjava/util/Comparator;)V @ 34 c2
Event: 2.990 Thread 0x00000126ac5bb640 DEOPT PACKING pc=0x00000126bc4b8c48 sp=0x00000003f2ffdab0
Event: 2.990 Thread 0x00000126ac5bb640 DEOPT UNPACKING pc=0x00000126bbe746a2 sp=0x00000003f2ffda80 mode 2
Event: 2.990 Thread 0x00000126ac5bb640 Uncommon trap: trap_request=0xffffffbe fr.pc=0x00000126bc4b8c48 relative=0x00000000000010a8
Event: 2.990 Thread 0x00000126ac5bb640 Uncommon trap: reason=profile_predicate action=maybe_recompile pc=0x00000126bc4b8c48 method=java.util.TimSort.binarySort([Ljava/lang/Object;IIILjava/util/Comparator;)V @ 34 c2
Event: 2.990 Thread 0x00000126ac5bb640 DEOPT PACKING pc=0x00000126bc4b8c48 sp=0x00000003f2ffdab0
Event: 2.990 Thread 0x00000126ac5bb640 DEOPT UNPACKING pc=0x00000126bbe746a2 sp=0x00000003f2ffda80 mode 2
Event: 2.990 Thread 0x00000126ac5bb640 Uncommon trap: trap_request=0xffffffbe fr.pc=0x00000126bc4b8c48 relative=0x00000000000010a8
Event: 2.990 Thread 0x00000126ac5bb640 Uncommon trap: reason=profile_predicate action=maybe_recompile pc=0x00000126bc4b8c48 method=java.util.TimSort.binarySort([Ljava/lang/Object;IIILjava/util/Comparator;)V @ 34 c2
Event: 2.990 Thread 0x00000126ac5bb640 DEOPT PACKING pc=0x00000126bc4b8c48 sp=0x00000003f2ffdab0
Event: 2.990 Thread 0x00000126ac5bb640 DEOPT UNPACKING pc=0x00000126bbe746a2 sp=0x00000003f2ffda80 mode 2
Event: 2.990 Thread 0x00000126ac5bb640 Uncommon trap: trap_request=0xffffffbe fr.pc=0x00000126bc4b8c48 relative=0x00000000000010a8
Event: 2.990 Thread 0x00000126ac5bb640 Uncommon trap: reason=profile_predicate action=maybe_recompile pc=0x00000126bc4b8c48 method=java.util.TimSort.binarySort([Ljava/lang/Object;IIILjava/util/Comparator;)V @ 34 c2
Event: 2.990 Thread 0x00000126ac5bb640 DEOPT PACKING pc=0x00000126bc4b8c48 sp=0x00000003f2ffdab0
Event: 2.990 Thread 0x00000126ac5bb640 DEOPT UNPACKING pc=0x00000126bbe746a2 sp=0x00000003f2ffda80 mode 2

Classes loaded (20 events):
Event: 2.994 Loading class jdk/internal/logger/LazyLoggers
Event: 2.994 Loading class jdk/internal/logger/LazyLoggers done
Event: 2.994 Loading class jdk/internal/logger/LazyLoggers$1
Event: 2.994 Loading class jdk/internal/logger/LazyLoggers$1 done
Event: 2.994 Loading class jdk/internal/logger/LazyLoggers$LazyLoggerFactories
Event: 2.994 Loading class jdk/internal/logger/LazyLoggers$LazyLoggerFactories done
Event: 2.994 Loading class jdk/internal/logger/LoggerFinderLoader
Event: 2.994 Loading class jdk/internal/logger/LoggerFinderLoader done
Event: 3.000 Loading class jdk/internal/logger/LoggerFinderLoader$TemporaryLoggerFinder
Event: 3.000 Loading class jdk/internal/logger/LoggerFinderLoader$TemporaryLoggerFinder done
Event: 3.001 Loading class sun/util/logging/internal/LoggingProviderImpl$JULWrapper
Event: 3.001 Loading class sun/util/logging/PlatformLogger$ConfigurableBridge$LoggerConfiguration
Event: 3.001 Loading class sun/util/logging/PlatformLogger$ConfigurableBridge$LoggerConfiguration done
Event: 3.001 Loading class sun/util/logging/internal/LoggingProviderImpl$JULWrapper done
Event: 3.001 Loading class java/lang/System$Logger$Level
Event: 3.001 Loading class java/lang/System$Logger$Level done
Event: 3.001 Loading class java/io/PipedOutputStream
Event: 3.001 Loading class java/io/PipedOutputStream done
Event: 3.002 Loading class jdk/internal/event/ThreadSleepEvent
Event: 3.002 Loading class jdk/internal/event/ThreadSleepEvent done

Classes unloaded (0 events):
No events

Classes redefined (0 events):
No events

Internal exceptions (20 events):
Event: 2.900 Thread 0x00000126ac5bb640 Exception <a 'sun/nio/fs/WindowsException'{0x000000070ad2d6b0}> (0x000000070ad2d6b0) 
thrown [s\open\src\hotspot\share\prims\jni.cpp, line 520]
Event: 2.900 Thread 0x00000126ac5bb640 Exception <a 'sun/nio/fs/WindowsException'{0x000000070ad32228}> (0x000000070ad32228) 
thrown [s\open\src\hotspot\share\prims\jni.cpp, line 520]
Event: 2.901 Thread 0x00000126ac5bb640 Exception <a 'sun/nio/fs/WindowsException'{0x000000070ad36740}> (0x000000070ad36740) 
thrown [s\open\src\hotspot\share\prims\jni.cpp, line 520]
Event: 2.903 Thread 0x00000126ac5bb640 Exception <a 'sun/nio/fs/WindowsException'{0x000000070ad78988}> (0x000000070ad78988) 
thrown [s\open\src\hotspot\share\prims\jni.cpp, line 520]
Event: 2.909 Thread 0x00000126ac5bb640 Exception <a 'sun/nio/fs/WindowsException'{0x000000070ab03f30}> (0x000000070ab03f30) 
thrown [s\open\src\hotspot\share\prims\jni.cpp, line 520]
Event: 2.909 Thread 0x00000126ac5bb640 Exception <a 'sun/nio/fs/WindowsException'{0x000000070ab08458}> (0x000000070ab08458) 
thrown [s\open\src\hotspot\share\prims\jni.cpp, line 520]
Event: 2.910 Thread 0x00000126ac5bb640 Exception <a 'sun/nio/fs/WindowsException'{0x000000070ab1ccb0}> (0x000000070ab1ccb0) 
thrown [s\open\src\hotspot\share\prims\jni.cpp, line 520]
Event: 2.911 Thread 0x00000126ac5bb640 Exception <a 'sun/nio/fs/WindowsException'{0x000000070ab26038}> (0x000000070ab26038) 
thrown [s\open\src\hotspot\share\prims\jni.cpp, line 520]
Event: 2.917 Thread 0x00000126ac5bb640 Exception <a 'sun/nio/fs/WindowsException'{0x000000070a92ecd8}> (0x000000070a92ecd8) 
thrown [s\open\src\hotspot\share\prims\jni.cpp, line 520]
Event: 2.918 Thread 0x00000126ac5bb640 Exception <a 'sun/nio/fs/WindowsException'{0x000000070a932f40}> (0x000000070a932f40) 
thrown [s\open\src\hotspot\share\prims\jni.cpp, line 520]
Event: 2.919 Thread 0x00000126ac5bb640 Exception <a 'sun/nio/fs/WindowsException'{0x000000070a957460}> (0x000000070a957460) 
thrown [s\open\src\hotspot\share\prims\jni.cpp, line 520]
Event: 2.923 Thread 0x00000126ac5bb640 Exception <a 'sun/nio/fs/WindowsException'{0x000000070a677678}> (0x000000070a677678) 
thrown [s\open\src\hotspot\share\prims\jni.cpp, line 520]
Event: 2.924 Thread 0x00000126ac5bb640 Exception <a 'sun/nio/fs/WindowsException'{0x000000070a685288}> (0x000000070a685288) 
thrown [s\open\src\hotspot\share\prims\jni.cpp, line 520]
Event: 2.935 Thread 0x00000126ac5bb640 Exception <a 'sun/nio/fs/WindowsException'{0x000000070a00ad28}> (0x000000070a00ad28) 
thrown [s\open\src\hotspot\share\prims\jni.cpp, line 520]
Event: 2.936 Thread 0x00000126ac5bb640 Exception <a 'sun/nio/fs/WindowsException'{0x000000070a00ef88}> (0x000000070a00ef88) 
thrown [s\open\src\hotspot\share\prims\jni.cpp, line 520]
Event: 2.937 Thread 0x00000126ac5bb640 Exception <a 'sun/nio/fs/WindowsException'{0x000000070a039f08}> (0x000000070a039f08) 
thrown [s\open\src\hotspot\share\prims\jni.cpp, line 520]
Event: 2.991 Thread 0x00000126ac5bb640 Exception <a 'java/lang/NoSuchMethodError'{0x0000000709de5b38}: 'void java.lang.invoke.DirectMethodHandle$Holder.invokeStatic(java.lang.Object, long)'> (0x0000000709de5b38) 
thrown [s\open\src\hotspot\share\interpreter\linkResolver.cpp, line 774]
Event: 2.992 Thread 0x00000126ac5bb640 Exception <a 'java/lang/NoSuchMethodError'{0x0000000709dea9a0}: 'java.lang.Object java.lang.invoke.DirectMethodHandle$Holder.newInvokeSpecial(java.lang.Object, long)'> (0x0000000709dea9a0) 
thrown [s\open\src\hotspot\share\interpreter\linkResolver.cpp, line 774]
Event: 2.992 Thread 0x00000126ac5bb640 Exception <a 'java/lang/NoSuchMethodError'{0x0000000709df1738}: 'java.lang.Object java.lang.invoke.DirectMethodHandle$Holder.invokeStatic(java.lang.Object, long, java.lang.Object)'> (0x0000000709df1738) 
thrown [s\open\src\hotspot\share\interpreter\linkResolver.cpp, line 774]
Event: 2.993 Thread 0x00000126ac5bb640 Exception <a 'java/lang/NoSuchMethodError'{0x0000000709df4ef0}: 'java.lang.Object java.lang.invoke.DirectMethodHandle$Holder.invokeStaticInit(java.lang.Object, long, java.lang.Object)'> (0x0000000709df4ef0) 
thrown [s\open\src\hotspot\share\interpreter\linkResolver.cpp, line 774]

ZGC Phase Switch (0 events):
No events

VM Operations (20 events):
Event: 2.561 Executing VM operation: HandshakeAllThreads (Deoptimize)
Event: 2.561 Executing VM operation: HandshakeAllThreads (Deoptimize) done
Event: 2.562 Executing VM operation: ICBufferFull
Event: 2.562 Executing VM operation: ICBufferFull done
Event: 2.607 Executing VM operation: ICBufferFull
Event: 2.607 Executing VM operation: ICBufferFull done
Event: 2.651 Executing VM operation: ICBufferFull
Event: 2.651 Executing VM operation: ICBufferFull done
Event: 2.713 Executing VM operation: ICBufferFull
Event: 2.713 Executing VM operation: ICBufferFull done
Event: 2.757 Executing VM operation: G1CollectForAllocation (G1 Evacuation Pause)
Event: 2.764 Executing VM operation: G1CollectForAllocation (G1 Evacuation Pause) done
Event: 2.852 Executing VM operation: ICBufferFull
Event: 2.852 Executing VM operation: ICBufferFull done
Event: 2.955 Executing VM operation: ICBufferFull
Event: 2.955 Executing VM operation: ICBufferFull done
Event: 2.994 Executing VM operation: HandshakeAllThreads (Deoptimize)
Event: 2.994 Executing VM operation: HandshakeAllThreads (Deoptimize) done
Event: 2.995 Executing VM operation: G1CollectForAllocation (G1 Evacuation Pause)
Event: 3.000 Executing VM operation: G1CollectForAllocation (G1 Evacuation Pause) done

Events (16 events):
Event: 0.067 Thread 0x00000126ac5bb640 Thread added: 0x00000126ac5bb640
Event: 0.078 Thread 0x00000126cb8f6e50 Thread added: 0x00000126cb8f6e50
Event: 0.078 Thread 0x00000126cb8f7f20 Thread added: 0x00000126cb8f7f20
Event: 0.078 Thread 0x00000126cb8fecc0 Thread added: 0x00000126cb8fecc0
Event: 0.078 Thread 0x00000126cb8ffcd0 Thread added: 0x00000126cb8ffcd0
Event: 0.078 Thread 0x00000126cb9028f0 Thread added: 0x00000126cb9028f0
Event: 0.078 Thread 0x00000126cb903500 Thread added: 0x00000126cb903500
Event: 0.078 Thread 0x00000126cb904720 Thread added: 0x00000126cb904720
Event: 0.078 Thread 0x00000126cb9180b0 Thread added: 0x00000126cb9180b0
Event: 0.088 Thread 0x00000126cbb7b330 Thread added: 0x00000126cbb7b330
Event: 0.090 Thread 0x00000126cbb7e9d0 Thread added: 0x00000126cbb7e9d0
Event: 0.145 Thread 0x00000126cbbbf810 Thread added: 0x00000126cbbbf810
Event: 0.455 Thread 0x000001271149ff80 Thread added: 0x000001271149ff80
Event: 3.001 Thread 0x00000127159d5010 Thread added: 0x00000127159d5010
Event: 3.001 Thread 0x000001271339ebe0 Thread added: 0x000001271339ebe0
Event: 3.001 Thread 0x000001271339f250 Thread added: 0x000001271339f250


Dynamic libraries:
0x00007ff66a3d0000 - 0x00007ff66a3e0000 	C:\Program Files\Java\jdk-22\bin\java.exe
0x00007ff87e9f0000 - 0x00007ff87ec07000 	C:\WINDOWS\SYSTEM32\ntdll.dll
0x00007ff87cac0000 - 0x00007ff87cb84000 	C:\WINDOWS\System32\KERNEL32.DLL
0x00007ff87c180000 - 0x00007ff87c52d000 	C:\WINDOWS\System32\KERNELBASE.dll
0x00007ff87c060000 - 0x00007ff87c171000 	C:\WINDOWS\System32\ucrtbase.dll
0x00007ff86ea50000 - 0x00007ff86ea6b000 	C:\Program Files\Java\jdk-22\bin\VCRUNTIME140.dll
0x00007ff86eb70000 - 0x00007ff86eb87000 	C:\Program Files\Java\jdk-22\bin\jli.dll
0x00007ff87d540000 - 0x00007ff87d5f2000 	C:\WINDOWS\System32\ADVAPI32.dll
0x00007ff87c720000 - 0x00007ff87c7c7000 	C:\WINDOWS\System32\msvcrt.dll
0x00007ff87dd90000 - 0x00007ff87de39000 	C:\WINDOWS\System32\sechost.dll
0x00007ff87c5d0000 - 0x00007ff87c5f8000 	C:\WINDOWS\System32\bcrypt.dll
0x00007ff87cbb0000 - 0x00007ff87ccc4000 	C:\WINDOWS\System32\RPCRT4.dll
0x00007ff87dbe0000 - 0x00007ff87dd8e000 	C:\WINDOWS\System32\USER32.dll
0x00007ff87be80000 - 0x00007ff87bea6000 	C:\WINDOWS\System32\win32u.dll
0x00007ff87e520000 - 0x00007ff87e549000 	C:\WINDOWS\System32\GDI32.dll
0x00007ff86d500000 - 0x00007ff86d793000 	C:\WINDOWS\WinSxS\amd64_microsoft.windows.common-controls_6595b64144ccf1df_6.0.22621.3672_none_2713b9d173822955\COMCTL32.dll
0x00007ff87c600000 - 0x00007ff87c719000 	C:\WINDOWS\System32\gdi32full.dll
0x00007ff87c530000 - 0x00007ff87c5ca000 	C:\WINDOWS\System32\msvcp_win.dll
0x00007ff8733f0000 - 0x00007ff8733fa000 	C:\WINDOWS\SYSTEM32\VERSION.dll
0x00007ff87c8d0000 - 0x00007ff87c901000 	C:\WINDOWS\System32\IMM32.DLL
0x00007ff875b30000 - 0x00007ff875b3c000 	C:\Program Files\Java\jdk-22\bin\vcruntime140_1.dll
0x00007ff856040000 - 0x00007ff8560ce000 	C:\Program Files\Java\jdk-22\bin\msvcp140.dll
0x00007fffda4e0000 - 0x00007fffdb227000 	C:\Program Files\Java\jdk-22\bin\server\jvm.dll
0x00007ff87e550000 - 0x00007ff87e5c1000 	C:\WINDOWS\System32\WS2_32.dll
0x00007ff87abc0000 - 0x00007ff87ac0d000 	C:\WINDOWS\SYSTEM32\POWRPROF.dll
0x00007ff876490000 - 0x00007ff8764c4000 	C:\WINDOWS\SYSTEM32\WINMM.dll
0x00007ff87aba0000 - 0x00007ff87abb3000 	C:\WINDOWS\SYSTEM32\UMPDC.dll
0x00007ff87ae50000 - 0x00007ff87ae68000 	C:\WINDOWS\SYSTEM32\kernel.appcore.dll
0x00007ff86ea40000 - 0x00007ff86ea4a000 	C:\Program Files\Java\jdk-22\bin\jimage.dll
0x00007ff879740000 - 0x00007ff879972000 	C:\WINDOWS\SYSTEM32\DBGHELP.DLL
0x00007ff87d6f0000 - 0x00007ff87da7e000 	C:\WINDOWS\System32\combase.dll
0x00007ff87e6e0000 - 0x00007ff87e7b7000 	C:\WINDOWS\System32\OLEAUT32.dll
0x00007ff866100000 - 0x00007ff866132000 	C:\WINDOWS\SYSTEM32\dbgcore.DLL
0x00007ff87beb0000 - 0x00007ff87bf2b000 	C:\WINDOWS\System32\bcryptPrimitives.dll
0x00007ff86e560000 - 0x00007ff86e57e000 	C:\Program Files\Java\jdk-22\bin\java.dll
0x00007ff87ccd0000 - 0x00007ff87d537000 	C:\WINDOWS\System32\SHELL32.dll
0x00007ff87c910000 - 0x00007ff87cab5000 	C:\WINDOWS\System32\ole32.dll
0x00007ff879c90000 - 0x00007ff87a58f000 	C:\WINDOWS\SYSTEM32\windows.storage.dll
0x00007ff879b50000 - 0x00007ff879c8f000 	C:\WINDOWS\SYSTEM32\wintypes.dll
0x00007ff87e5e0000 - 0x00007ff87e6d9000 	C:\WINDOWS\System32\SHCORE.dll
0x00007ff87d660000 - 0x00007ff87d6be000 	C:\WINDOWS\System32\shlwapi.dll
0x00007ff87bc40000 - 0x00007ff87bc67000 	C:\WINDOWS\SYSTEM32\profapi.dll
0x00007ff84a5e0000 - 0x00007ff84a6b7000 	C:\Program Files\Java\jdk-22\bin\jsvml.dll
0x00007ff86e910000 - 0x00007ff86e920000 	C:\Program Files\Java\jdk-22\bin\net.dll
0x00007ff87b2c0000 - 0x00007ff87b329000 	C:\WINDOWS\system32\mswsock.dll
0x00007ff86e230000 - 0x00007ff86e246000 	C:\Program Files\Java\jdk-22\bin\nio.dll
0x00007ff86d7a0000 - 0x00007ff86d7b7000 	C:\Program Files\Java\jdk-22\bin\zip.dll
0x0000000069ac0000 - 0x0000000069ae4000 	D:\netbean\NetBeans-21\netbeans\java\maven\lib\jansi-native\Windows\x86_64\jansi.dll
0x00007ff86e550000 - 0x00007ff86e560000 	C:\Program Files\Java\jdk-22\bin\verify.dll

dbghelp: loaded successfully - version: 4.0.5 - missing functions: none
symbol engine: initialized successfully - sym options: 0x614 - pdb path: .;C:\Program Files\Java\jdk-22\bin;C:\WINDOWS\SYSTEM32;C:\WINDOWS\WinSxS\amd64_microsoft.windows.common-controls_6595b64144ccf1df_6.0.22621.3672_none_2713b9d173822955;C:\Program Files\Java\jdk-22\bin\server;D:\netbean\NetBeans-21\netbeans\java\maven\lib\jansi-native\Windows\x86_64

VM Arguments:
jvm_args: -Dclassworlds.conf=D:\netbean\NetBeans-21\netbeans\java\maven\bin\m2.conf -Dmaven.home=D:\netbean\NetBeans-21\netbeans\java\maven -Dlibrary.jansi.path=D:\netbean\NetBeans-21\netbeans\java\maven\lib\jansi-native -Dmaven.multiModuleProjectDirectory=E:\quanlybanhangcaffe\Quanlycafee 
java_command: org.codehaus.plexus.classworlds.launcher.Launcher -Dexec.vmArgs= -Dexec.args=${exec.vmArgs} -classpath %classpath ${exec.mainClass} ${exec.appArgs} -Dexec.executable=C:\Program Files\Java\jdk-22\bin\java.exe -Dexec.mainClass=cafe.quanlisp.sanpham -Dexec.classpathScope=runtime -Dexec.appArgs= -Dmaven.ext.class.path=D:\netbean\NetBeans-21\netbeans\java\maven-nblib\netbeans-eventspy.jar --no-transfer-progress process-classes org.codehaus.mojo:exec-maven-plugin:3.1.0:exec
java_class_path (initial): D:\netbean\NetBeans-21\netbeans\java\maven\boot\plexus-classworlds-2.7.0.jar
Launcher Type: SUN_STANDARD

[Global flags]
     intx CICompilerCount                          = 4                                         {product} {ergonomic}
     uint ConcGCThreads                            = 3                                         {product} {ergonomic}
     uint G1ConcRefinementThreads                  = 10                                        {product} {ergonomic}
   size_t G1HeapRegionSize                         = 2097152                                   {product} {ergonomic}
   size_t InitialHeapSize                          = 264241152                                 {product} {ergonomic}
   size_t MarkStackSize                            = 4194304                                   {product} {ergonomic}
   size_t MaxHeapSize                              = 4196401152                                {product} {ergonomic}
   size_t MaxNewSize                               = 2516582400                                {product} {ergonomic}
   size_t MinHeapDeltaBytes                        = 2097152                                   {product} {ergonomic}
   size_t MinHeapSize                              = 8388608                                   {product} {ergonomic}
    uintx NonNMethodCodeHeapSize                   = 5839372                                {pd product} {ergonomic}
    uintx NonProfiledCodeHeapSize                  = 122909434                              {pd product} {ergonomic}
    uintx ProfiledCodeHeapSize                     = 122909434                              {pd product} {ergonomic}
    uintx ReservedCodeCacheSize                    = 251658240                              {pd product} {ergonomic}
     bool SegmentedCodeCache                       = true                                      {product} {ergonomic}
   size_t SoftMaxHeapSize                          = 4196401152                             {manageable} {ergonomic}
     bool UseCompressedOops                        = true                           {product lp64_product} {ergonomic}
     bool UseG1GC                                  = true                                      {product} {ergonomic}
     bool UseLargePagesIndividualAllocation        = false                                  {pd product} {ergonomic}

Logging:
Log output configuration:
 #0: stdout all=warning uptime,level,tags foldmultilines=false
 #1: stderr all=off uptime,level,tags foldmultilines=false

Environment Variables:
JAVA_HOME=C:\Program Files\Java\jdk-22
PATH=C:\Program Files\Microsoft MPI\Bin\;C:\Program Files\Common Files\Oracle\Java\javapath;C:\Windows\system32;C:\Windows;C:\Windows\System32\Wbem;C:\Windows\System32\WindowsPowerShell\v1.0\;C:\Windows\System32\OpenSSH\;C:\Program Files (x86)\NVIDIA Corporation\PhysX\Common;C:\Program Files\NVIDIA Corporation\NVIDIA NvDLISR;C:\WINDOWS\system32;C:\WINDOWS;C:\WINDOWS\System32\Wbem;C:\WINDOWS\System32\WindowsPowerShell\v1.0\;C:\WINDOWS\System32\OpenSSH\;E:\github\Git\cmd;C:\Program Files\Docker\Docker\resources\bin;C:\Program Files (x86)\Microsoft SQL Server\160\Tools\Binn\;C:\Program Files\Microsoft SQL Server\160\Tools\Binn\;C:\Program Files\Microsoft SQL Server\Client SDK\ODBC\170\Tools\Binn\;C:\Program Files\Microsoft SQL Server\160\DTS\Binn\;C:\Program Files (x86)\Microsoft SQL Server\160\DTS\Binn\;C:\Users\Admin\AppData\Local\Programs\Python\Launcher\;C:\Users\Admin\AppData\Local\Microsoft\WindowsApps;;D:\IntelliJ IDEA 2023.2.5\bin;;D:\ltweb\Microsoft VS Code\bin
USERNAME=Admin
OS=Windows_NT
PROCESSOR_IDENTIFIER=Intel64 Family 6 Model 154 Stepping 3, GenuineIntel
TMP=C:\Users\Admin\AppData\Local\Temp
TEMP=C:\Users\Admin\AppData\Local\Temp




Periodic native trim disabled

---------------  S Y S T E M  ---------------

OS:
 Windows 11 , 64 bit Build 22621 (10.0.22621.3958)
OS uptime: 35 days 8:41 hours

CPU: total 12 (initial active 12) (6 cores per cpu, 2 threads per core) family 6 model 154 stepping 3 microcode 0x429, cx8, cmov, fxsr, ht, mmx, 3dnowpref, sse, sse2, sse3, ssse3, sse4.1, sse4.2, popcnt, lzcnt, tsc, tscinvbit, avx, avx2, aes, erms, clmul, bmi1, bmi2, adx, sha, fma, vzeroupper, clflush, clflushopt, clwb, serialize, rdtscp, rdpid, fsrm, f16c, pku, cet_ibt, cet_ss
Processor Information for all 12 processors :
  Max Mhz: 2000, Current Mhz: 2000, Mhz Limit: 2000

Memory: 4k page, system-wide physical 16004M (3363M free)
TotalPageFile size 35577M (AvailPageFile size 5M)
current process WorkingSet (physical memory assigned to process): 282M, peak: 294M
current process commit charge ("private bytes"): 320M, peak: 407M

vm_info: Java HotSpot(TM) 64-Bit Server VM (22.0.1+8-16) for windows-amd64 JRE (22.0.1+8-16), built on 2024-03-12T10:33:16Z by "mach5one" with MS VC++ 17.6 (VS2022)

END.
