#
# There is insufficient memory for the Java Runtime Environment to continue.
# Native memory allocation (malloc) failed to allocate 124096 bytes. Error detail: Chunk::new
# Possible reasons:
#   The system is out of physical RAM or swap space
#   This process is running with CompressedOops enabled, and the Java Heap may be blocking the growth of the native heap
# Possible solutions:
#   Reduce memory load on the system
#   Increase physical memory or swap space
#   Check if swap backing store is full
#   Decrease Java heap size (-Xmx/-Xms)
#   Decrease number of Java threads
#   Decrease Java thread stack sizes (-Xss)
#   Set larger code cache with -XX:ReservedCodeCacheSize=
#   JVM is running with Zero Based Compressed Oops mode in which the Java heap is
#     placed in the first 32GB address space. The Java Heap base address is the
#     maximum limit for the native heap growth. Please use -XX:HeapBaseMinAddress
#     to set the Java Heap base and to place the Java Heap above 32GB virtual address.
# This output file may be truncated or incomplete.
#
#  Out of Memory Error (arena.cpp:150), pid=47992, tid=7536
#
# JRE version: Java(TM) SE Runtime Environment (22.0.1+8) (build 22.0.1+8-16)
# Java VM: Java HotSpot(TM) 64-Bit Server VM (22.0.1+8-16, mixed mode, sharing, tiered, compressed oops, compressed class ptrs, g1 gc, windows-amd64)
# No core dump will be written. Minidumps are not enabled by default on client versions of Windows
#

---------------  S U M M A R Y ------------

Command Line: -Dclassworlds.conf=D:\netbean\NetBeans-21\netbeans\java\maven\bin\m2.conf -Dmaven.home=D:\netbean\NetBeans-21\netbeans\java\maven -Dlibrary.jansi.path=D:\netbean\NetBeans-21\netbeans\java\maven\lib\jansi-native -Dmaven.multiModuleProjectDirectory=E:\quanlybanhangcaffe\Quanlycafee org.codehaus.plexus.classworlds.launcher.Launcher -Dexec.vmArgs= -Dexec.args=${exec.vmArgs} -classpath %classpath ${exec.mainClass} ${exec.appArgs} -Dexec.executable=C:\Program Files\Java\jdk-22\bin\java.exe -Dexec.mainClass=cafe.quanlisp.sanpham -Dexec.classpathScope=runtime -Dexec.appArgs= -Dmaven.ext.class.path=D:\netbean\NetBeans-21\netbeans\java\maven-nblib\netbeans-eventspy.jar --no-transfer-progress process-classes org.codehaus.mojo:exec-maven-plugin:3.1.0:exec

Host: 12th Gen Intel(R) Core(TM) i5-12450H, 12 cores, 15G,  Windows 11 , 64 bit Build 22621 (10.0.22621.3958)
Time: Fri Oct 11 15:52:01 2024 SE Asia Standard Time elapsed time: 0.221502 seconds (0d 0h 0m 0s)

---------------  T H R E A D  ---------------

Current thread (0x00000225b3791840):  JavaThread "C2 CompilerThread0" daemon [_thread_in_native, id=7536, stack(0x00000071a1f00000,0x00000071a2000000) (1024K)]


Current CompileTask:
C2:221  222   !   4       java.util.zip.ZipFile$Source::checkAndAddEntry (354 bytes)

Stack: [0x00000071a1f00000,0x00000071a2000000]
Native frames: (J=compiled Java code, j=interpreted, Vv=VM code, C=native code)
V  [jvm.dll+0x6e2279]  (no source info available)
V  [jvm.dll+0x874e33]  (no source info available)
V  [jvm.dll+0x87725e]  (no source info available)
V  [jvm.dll+0x877933]  (no source info available)
V  [jvm.dll+0x27fd76]  (no source info available)
V  [jvm.dll+0xc3d0f]  (no source info available)
V  [jvm.dll+0xc3f6b]  (no source info available)
V  [jvm.dll+0x3bb10c]  (no source info available)
V  [jvm.dll+0x1df87e]  (no source info available)
V  [jvm.dll+0x247a5c]  (no source info available)
V  [jvm.dll+0x246fbf]  (no source info available)
V  [jvm.dll+0x1c4e90]  (no source info available)
V  [jvm.dll+0x2569fe]  (no source info available)
V  [jvm.dll+0x254cba]  (no source info available)
V  [jvm.dll+0x3f5336]  (no source info available)
V  [jvm.dll+0x81d44b]  (no source info available)
V  [jvm.dll+0x6e0915]  (no source info available)
C  [ucrtbase.dll+0x29333]  (no source info available)
C  [KERNEL32.DLL+0x1257d]  (no source info available)
C  [ntdll.dll+0x5af28]  (no source info available)


---------------  P R O C E S S  ---------------

Threads class SMR info:
_java_thread_list=0x00000225b3b75560, length=13, elements={
0x0000022591fb74a0, 0x00000225b3448d90, 0x00000225b3449950, 0x00000225b37842a0,
0x00000225b3784f80, 0x00000225b37859e0, 0x00000225b3786440, 0x00000225b3791840,
0x00000225b37b5ee0, 0x00000225b3936bc0, 0x00000225b394a470, 0x00000225b3ac08b0,
0x00000225f91483a0
}

Java Threads: ( => current thread )
  0x0000022591fb74a0 JavaThread "main"                              [_thread_in_vm, id=17440, stack(0x00000071a1100000,0x00000071a1200000) (1024K)]
  0x00000225b3448d90 JavaThread "Reference Handler"          daemon [_thread_blocked, id=19592, stack(0x00000071a1900000,0x00000071a1a00000) (1024K)]
  0x00000225b3449950 JavaThread "Finalizer"                  daemon [_thread_blocked, id=47036, stack(0x00000071a1a00000,0x00000071a1b00000) (1024K)]
  0x00000225b37842a0 JavaThread "Signal Dispatcher"          daemon [_thread_blocked, id=40608, stack(0x00000071a1b00000,0x00000071a1c00000) (1024K)]
  0x00000225b3784f80 JavaThread "Attach Listener"            daemon [_thread_blocked, id=36128, stack(0x00000071a1c00000,0x00000071a1d00000) (1024K)]
  0x00000225b37859e0 JavaThread "Service Thread"             daemon [_thread_blocked, id=41524, stack(0x00000071a1d00000,0x00000071a1e00000) (1024K)]
  0x00000225b3786440 JavaThread "Monitor Deflation Thread"   daemon [_thread_blocked, id=34152, stack(0x00000071a1e00000,0x00000071a1f00000) (1024K)]
=>0x00000225b3791840 JavaThread "C2 CompilerThread0"         daemon [_thread_in_native, id=7536, stack(0x00000071a1f00000,0x00000071a2000000) (1024K)]
  0x00000225b37b5ee0 JavaThread "C1 CompilerThread0"         daemon [_thread_blocked, id=13144, stack(0x00000071a2000000,0x00000071a2100000) (1024K)]
  0x00000225b3936bc0 JavaThread "Notification Thread"        daemon [_thread_blocked, id=33456, stack(0x00000071a2100000,0x00000071a2200000) (1024K)]
  0x00000225b394a470 JavaThread "Common-Cleaner"             daemon [_thread_blocked, id=55648, stack(0x00000071a2200000,0x00000071a2300000) (1024K)]
  0x00000225b3ac08b0 JavaThread "C2 CompilerThread1"         daemon [_thread_in_native, id=12476, stack(0x00000071a2300000,0x00000071a2400000) (1024K)]
  0x00000225f91483a0 JavaThread "C2 CompilerThread2"         daemon [_thread_in_native, id=50956, stack(0x00000071a2400000,0x00000071a2500000) (1024K)]
Total: 13

Other Threads:
  0x00000225b342ee50 VMThread "VM Thread"                           [id=33960, stack(0x00000071a1800000,0x00000071a1900000) (1024K)]
  0x00000225b3414ed0 WatcherThread "VM Periodic Task Thread"        [id=43504, stack(0x00000071a1700000,0x00000071a1800000) (1024K)]
  0x0000022594358a80 WorkerThread "GC Thread#0"                     [id=9680, stack(0x00000071a1200000,0x00000071a1300000) (1024K)]
  0x000002259436a390 ConcurrentGCThread "G1 Main Marker"            [id=55284, stack(0x00000071a1300000,0x00000071a1400000) (1024K)]
  0x000002259436af50 WorkerThread "G1 Conc#0"                       [id=30868, stack(0x00000071a1400000,0x00000071a1500000) (1024K)]
  0x00000225b32e74c0 ConcurrentGCThread "G1 Refine#0"               [id=11608, stack(0x00000071a1500000,0x00000071a1600000) (1024K)]
  0x00000225b32e7e50 ConcurrentGCThread "G1 Service"                [id=9044, stack(0x00000071a1600000,0x00000071a1700000) (1024K)]
Total: 7

Threads with active compile tasks:
C2 CompilerThread0  261  222   !   4       java.util.zip.ZipFile$Source::checkAndAddEntry (354 bytes)
C2 CompilerThread1  261  225       4       java.lang.StringBuilder::append (8 bytes)
C2 CompilerThread2  261  365       4       jdk.internal.misc.Unsafe::putReferenceRelease (9 bytes)
Total: 3

VM state: not at safepoint (normal execution)

VM Mutex/Monitor currently owned by a thread: None

Heap address: 0x0000000705e00000, size: 4002 MB, Compressed Oops mode: Zero based, Oop shift amount: 3

CDS archive(s) mapped at: [0x00000225b4000000-0x00000225b4c60000-0x00000225b4c60000), size 12976128, SharedBaseAddress: 0x00000225b4000000, ArchiveRelocationMode: 1.
Compressed class space mapped at: 0x00000225b5000000-0x00000225f5000000, reserved size: 1073741824
Narrow klass base: 0x00000225b4000000, Narrow klass shift: 0, Narrow klass range: 0x41000000

GC Precious Log:
 CardTable entry size: 512
 Card Set container configuration: InlinePtr #cards 4 size 8 Array Of Cards #cards 16 size 48 Howl #buckets 8 coarsen threshold 3686 Howl Bitmap #cards 512 size 80 coarsen threshold 460 Card regions per heap region 1 cards per card region 4096
 CPUs: 12 total, 12 available
 Memory: 16004M
 Large Page Support: Disabled
 NUMA Support: Disabled
 Compressed Oops: Enabled (Zero based)
 Heap Region Size: 2M
 Heap Min Capacity: 8M
 Heap Initial Capacity: 252M
 Heap Max Capacity: 4002M
 Pre-touch: Disabled
 Parallel Workers: 10
 Concurrent Workers: 3
 Concurrent Refinement Workers: 10
 Periodic GC: Disabled

Heap:
 garbage-first heap   total reserved 4098048K, committed 258048K, used 4096K [0x0000000705e00000, 0x0000000800000000)
  region size 2048K, 3 young (6144K), 0 survivors (0K)
 Metaspace       used 1264K, committed 1472K, reserved 1114112K
  class space    used 115K, committed 192K, reserved 1048576K

Heap Regions: E=young(eden), S=young(survivor), O=old, HS=humongous(starts), HC=humongous(continues), CS=collection set, F=free, TAMS=top-at-mark-start, PB=parsable bottom
|   0|0x0000000705e00000, 0x0000000705e00000, 0x0000000706000000|  0%| F|  |TAMS 0x0000000705e00000| PB 0x0000000705e00000| Untracked |  0
|   1|0x0000000706000000, 0x0000000706000000, 0x0000000706200000|  0%| F|  |TAMS 0x0000000706000000| PB 0x0000000706000000| Untracked |  0
|   2|0x0000000706200000, 0x0000000706200000, 0x0000000706400000|  0%| F|  |TAMS 0x0000000706200000| PB 0x0000000706200000| Untracked |  0
|   3|0x0000000706400000, 0x0000000706400000, 0x0000000706600000|  0%| F|  |TAMS 0x0000000706400000| PB 0x0000000706400000| Untracked |  0
|   4|0x0000000706600000, 0x0000000706600000, 0x0000000706800000|  0%| F|  |TAMS 0x0000000706600000| PB 0x0000000706600000| Untracked |  0
|   5|0x0000000706800000, 0x0000000706800000, 0x0000000706a00000|  0%| F|  |TAMS 0x0000000706800000| PB 0x0000000706800000| Untracked |  0
|   6|0x0000000706a00000, 0x0000000706a00000, 0x0000000706c00000|  0%| F|  |TAMS 0x0000000706a00000| PB 0x0000000706a00000| Untracked |  0
|   7|0x0000000706c00000, 0x0000000706c00000, 0x0000000706e00000|  0%| F|  |TAMS 0x0000000706c00000| PB 0x0000000706c00000| Untracked |  0
|   8|0x0000000706e00000, 0x0000000706e00000, 0x0000000707000000|  0%| F|  |TAMS 0x0000000706e00000| PB 0x0000000706e00000| Untracked |  0
|   9|0x0000000707000000, 0x0000000707000000, 0x0000000707200000|  0%| F|  |TAMS 0x0000000707000000| PB 0x0000000707000000| Untracked |  0
|  10|0x0000000707200000, 0x0000000707200000, 0x0000000707400000|  0%| F|  |TAMS 0x0000000707200000| PB 0x0000000707200000| Untracked |  0
|  11|0x0000000707400000, 0x0000000707400000, 0x0000000707600000|  0%| F|  |TAMS 0x0000000707400000| PB 0x0000000707400000| Untracked |  0
|  12|0x0000000707600000, 0x0000000707600000, 0x0000000707800000|  0%| F|  |TAMS 0x0000000707600000| PB 0x0000000707600000| Untracked |  0
|  13|0x0000000707800000, 0x0000000707800000, 0x0000000707a00000|  0%| F|  |TAMS 0x0000000707800000| PB 0x0000000707800000| Untracked |  0
|  14|0x0000000707a00000, 0x0000000707a00000, 0x0000000707c00000|  0%| F|  |TAMS 0x0000000707a00000| PB 0x0000000707a00000| Untracked |  0
|  15|0x0000000707c00000, 0x0000000707c00000, 0x0000000707e00000|  0%| F|  |TAMS 0x0000000707c00000| PB 0x0000000707c00000| Untracked |  0
|  16|0x0000000707e00000, 0x0000000707e00000, 0x0000000708000000|  0%| F|  |TAMS 0x0000000707e00000| PB 0x0000000707e00000| Untracked |  0
|  17|0x0000000708000000, 0x0000000708000000, 0x0000000708200000|  0%| F|  |TAMS 0x0000000708000000| PB 0x0000000708000000| Untracked |  0
|  18|0x0000000708200000, 0x0000000708200000, 0x0000000708400000|  0%| F|  |TAMS 0x0000000708200000| PB 0x0000000708200000| Untracked |  0
|  19|0x0000000708400000, 0x0000000708400000, 0x0000000708600000|  0%| F|  |TAMS 0x0000000708400000| PB 0x0000000708400000| Untracked |  0
|  20|0x0000000708600000, 0x0000000708600000, 0x0000000708800000|  0%| F|  |TAMS 0x0000000708600000| PB 0x0000000708600000| Untracked |  0
|  21|0x0000000708800000, 0x0000000708800000, 0x0000000708a00000|  0%| F|  |TAMS 0x0000000708800000| PB 0x0000000708800000| Untracked |  0
|  22|0x0000000708a00000, 0x0000000708a00000, 0x0000000708c00000|  0%| F|  |TAMS 0x0000000708a00000| PB 0x0000000708a00000| Untracked |  0
|  23|0x0000000708c00000, 0x0000000708c00000, 0x0000000708e00000|  0%| F|  |TAMS 0x0000000708c00000| PB 0x0000000708c00000| Untracked |  0
|  24|0x0000000708e00000, 0x0000000708e00000, 0x0000000709000000|  0%| F|  |TAMS 0x0000000708e00000| PB 0x0000000708e00000| Untracked |  0
|  25|0x0000000709000000, 0x0000000709000000, 0x0000000709200000|  0%| F|  |TAMS 0x0000000709000000| PB 0x0000000709000000| Untracked |  0
|  26|0x0000000709200000, 0x0000000709200000, 0x0000000709400000|  0%| F|  |TAMS 0x0000000709200000| PB 0x0000000709200000| Untracked |  0
|  27|0x0000000709400000, 0x0000000709400000, 0x0000000709600000|  0%| F|  |TAMS 0x0000000709400000| PB 0x0000000709400000| Untracked |  0
|  28|0x0000000709600000, 0x0000000709600000, 0x0000000709800000|  0%| F|  |TAMS 0x0000000709600000| PB 0x0000000709600000| Untracked |  0
|  29|0x0000000709800000, 0x0000000709800000, 0x0000000709a00000|  0%| F|  |TAMS 0x0000000709800000| PB 0x0000000709800000| Untracked |  0
|  30|0x0000000709a00000, 0x0000000709a00000, 0x0000000709c00000|  0%| F|  |TAMS 0x0000000709a00000| PB 0x0000000709a00000| Untracked |  0
|  31|0x0000000709c00000, 0x0000000709c00000, 0x0000000709e00000|  0%| F|  |TAMS 0x0000000709c00000| PB 0x0000000709c00000| Untracked |  0
|  32|0x0000000709e00000, 0x0000000709e00000, 0x000000070a000000|  0%| F|  |TAMS 0x0000000709e00000| PB 0x0000000709e00000| Untracked |  0
|  33|0x000000070a000000, 0x000000070a000000, 0x000000070a200000|  0%| F|  |TAMS 0x000000070a000000| PB 0x000000070a000000| Untracked |  0
|  34|0x000000070a200000, 0x000000070a200000, 0x000000070a400000|  0%| F|  |TAMS 0x000000070a200000| PB 0x000000070a200000| Untracked |  0
|  35|0x000000070a400000, 0x000000070a400000, 0x000000070a600000|  0%| F|  |TAMS 0x000000070a400000| PB 0x000000070a400000| Untracked |  0
|  36|0x000000070a600000, 0x000000070a600000, 0x000000070a800000|  0%| F|  |TAMS 0x000000070a600000| PB 0x000000070a600000| Untracked |  0
|  37|0x000000070a800000, 0x000000070a800000, 0x000000070aa00000|  0%| F|  |TAMS 0x000000070a800000| PB 0x000000070a800000| Untracked |  0
|  38|0x000000070aa00000, 0x000000070aa00000, 0x000000070ac00000|  0%| F|  |TAMS 0x000000070aa00000| PB 0x000000070aa00000| Untracked |  0
|  39|0x000000070ac00000, 0x000000070ac00000, 0x000000070ae00000|  0%| F|  |TAMS 0x000000070ac00000| PB 0x000000070ac00000| Untracked |  0
|  40|0x000000070ae00000, 0x000000070ae00000, 0x000000070b000000|  0%| F|  |TAMS 0x000000070ae00000| PB 0x000000070ae00000| Untracked |  0
|  41|0x000000070b000000, 0x000000070b000000, 0x000000070b200000|  0%| F|  |TAMS 0x000000070b000000| PB 0x000000070b000000| Untracked |  0
|  42|0x000000070b200000, 0x000000070b200000, 0x000000070b400000|  0%| F|  |TAMS 0x000000070b200000| PB 0x000000070b200000| Untracked |  0
|  43|0x000000070b400000, 0x000000070b400000, 0x000000070b600000|  0%| F|  |TAMS 0x000000070b400000| PB 0x000000070b400000| Untracked |  0
|  44|0x000000070b600000, 0x000000070b600000, 0x000000070b800000|  0%| F|  |TAMS 0x000000070b600000| PB 0x000000070b600000| Untracked |  0
|  45|0x000000070b800000, 0x000000070b800000, 0x000000070ba00000|  0%| F|  |TAMS 0x000000070b800000| PB 0x000000070b800000| Untracked |  0
|  46|0x000000070ba00000, 0x000000070ba00000, 0x000000070bc00000|  0%| F|  |TAMS 0x000000070ba00000| PB 0x000000070ba00000| Untracked |  0
|  47|0x000000070bc00000, 0x000000070bc00000, 0x000000070be00000|  0%| F|  |TAMS 0x000000070bc00000| PB 0x000000070bc00000| Untracked |  0
|  48|0x000000070be00000, 0x000000070be00000, 0x000000070c000000|  0%| F|  |TAMS 0x000000070be00000| PB 0x000000070be00000| Untracked |  0
|  49|0x000000070c000000, 0x000000070c000000, 0x000000070c200000|  0%| F|  |TAMS 0x000000070c000000| PB 0x000000070c000000| Untracked |  0
|  50|0x000000070c200000, 0x000000070c200000, 0x000000070c400000|  0%| F|  |TAMS 0x000000070c200000| PB 0x000000070c200000| Untracked |  0
|  51|0x000000070c400000, 0x000000070c400000, 0x000000070c600000|  0%| F|  |TAMS 0x000000070c400000| PB 0x000000070c400000| Untracked |  0
|  52|0x000000070c600000, 0x000000070c600000, 0x000000070c800000|  0%| F|  |TAMS 0x000000070c600000| PB 0x000000070c600000| Untracked |  0
|  53|0x000000070c800000, 0x000000070c800000, 0x000000070ca00000|  0%| F|  |TAMS 0x000000070c800000| PB 0x000000070c800000| Untracked |  0
|  54|0x000000070ca00000, 0x000000070ca00000, 0x000000070cc00000|  0%| F|  |TAMS 0x000000070ca00000| PB 0x000000070ca00000| Untracked |  0
|  55|0x000000070cc00000, 0x000000070cc00000, 0x000000070ce00000|  0%| F|  |TAMS 0x000000070cc00000| PB 0x000000070cc00000| Untracked |  0
|  56|0x000000070ce00000, 0x000000070ce00000, 0x000000070d000000|  0%| F|  |TAMS 0x000000070ce00000| PB 0x000000070ce00000| Untracked |  0
|  57|0x000000070d000000, 0x000000070d000000, 0x000000070d200000|  0%| F|  |TAMS 0x000000070d000000| PB 0x000000070d000000| Untracked |  0
|  58|0x000000070d200000, 0x000000070d200000, 0x000000070d400000|  0%| F|  |TAMS 0x000000070d200000| PB 0x000000070d200000| Untracked |  0
|  59|0x000000070d400000, 0x000000070d400000, 0x000000070d600000|  0%| F|  |TAMS 0x000000070d400000| PB 0x000000070d400000| Untracked |  0
|  60|0x000000070d600000, 0x000000070d600000, 0x000000070d800000|  0%| F|  |TAMS 0x000000070d600000| PB 0x000000070d600000| Untracked |  0
|  61|0x000000070d800000, 0x000000070d800000, 0x000000070da00000|  0%| F|  |TAMS 0x000000070d800000| PB 0x000000070d800000| Untracked |  0
|  62|0x000000070da00000, 0x000000070da00000, 0x000000070dc00000|  0%| F|  |TAMS 0x000000070da00000| PB 0x000000070da00000| Untracked |  0
|  63|0x000000070dc00000, 0x000000070dc00000, 0x000000070de00000|  0%| F|  |TAMS 0x000000070dc00000| PB 0x000000070dc00000| Untracked |  0
|  64|0x000000070de00000, 0x000000070de00000, 0x000000070e000000|  0%| F|  |TAMS 0x000000070de00000| PB 0x000000070de00000| Untracked |  0
|  65|0x000000070e000000, 0x000000070e000000, 0x000000070e200000|  0%| F|  |TAMS 0x000000070e000000| PB 0x000000070e000000| Untracked |  0
|  66|0x000000070e200000, 0x000000070e200000, 0x000000070e400000|  0%| F|  |TAMS 0x000000070e200000| PB 0x000000070e200000| Untracked |  0
|  67|0x000000070e400000, 0x000000070e400000, 0x000000070e600000|  0%| F|  |TAMS 0x000000070e400000| PB 0x000000070e400000| Untracked |  0
|  68|0x000000070e600000, 0x000000070e600000, 0x000000070e800000|  0%| F|  |TAMS 0x000000070e600000| PB 0x000000070e600000| Untracked |  0
|  69|0x000000070e800000, 0x000000070e800000, 0x000000070ea00000|  0%| F|  |TAMS 0x000000070e800000| PB 0x000000070e800000| Untracked |  0
|  70|0x000000070ea00000, 0x000000070ea00000, 0x000000070ec00000|  0%| F|  |TAMS 0x000000070ea00000| PB 0x000000070ea00000| Untracked |  0
|  71|0x000000070ec00000, 0x000000070ec00000, 0x000000070ee00000|  0%| F|  |TAMS 0x000000070ec00000| PB 0x000000070ec00000| Untracked |  0
|  72|0x000000070ee00000, 0x000000070ee00000, 0x000000070f000000|  0%| F|  |TAMS 0x000000070ee00000| PB 0x000000070ee00000| Untracked |  0
|  73|0x000000070f000000, 0x000000070f000000, 0x000000070f200000|  0%| F|  |TAMS 0x000000070f000000| PB 0x000000070f000000| Untracked |  0
|  74|0x000000070f200000, 0x000000070f200000, 0x000000070f400000|  0%| F|  |TAMS 0x000000070f200000| PB 0x000000070f200000| Untracked |  0
|  75|0x000000070f400000, 0x000000070f400000, 0x000000070f600000|  0%| F|  |TAMS 0x000000070f400000| PB 0x000000070f400000| Untracked |  0
|  76|0x000000070f600000, 0x000000070f600000, 0x000000070f800000|  0%| F|  |TAMS 0x000000070f600000| PB 0x000000070f600000| Untracked |  0
|  77|0x000000070f800000, 0x000000070f800000, 0x000000070fa00000|  0%| F|  |TAMS 0x000000070f800000| PB 0x000000070f800000| Untracked |  0
|  78|0x000000070fa00000, 0x000000070fa00000, 0x000000070fc00000|  0%| F|  |TAMS 0x000000070fa00000| PB 0x000000070fa00000| Untracked |  0
|  79|0x000000070fc00000, 0x000000070fc00000, 0x000000070fe00000|  0%| F|  |TAMS 0x000000070fc00000| PB 0x000000070fc00000| Untracked |  0
|  80|0x000000070fe00000, 0x000000070fe00000, 0x0000000710000000|  0%| F|  |TAMS 0x000000070fe00000| PB 0x000000070fe00000| Untracked |  0
|  81|0x0000000710000000, 0x0000000710000000, 0x0000000710200000|  0%| F|  |TAMS 0x0000000710000000| PB 0x0000000710000000| Untracked |  0
|  82|0x0000000710200000, 0x0000000710200000, 0x0000000710400000|  0%| F|  |TAMS 0x0000000710200000| PB 0x0000000710200000| Untracked |  0
|  83|0x0000000710400000, 0x0000000710400000, 0x0000000710600000|  0%| F|  |TAMS 0x0000000710400000| PB 0x0000000710400000| Untracked |  0
|  84|0x0000000710600000, 0x0000000710600000, 0x0000000710800000|  0%| F|  |TAMS 0x0000000710600000| PB 0x0000000710600000| Untracked |  0
|  85|0x0000000710800000, 0x0000000710800000, 0x0000000710a00000|  0%| F|  |TAMS 0x0000000710800000| PB 0x0000000710800000| Untracked |  0
|  86|0x0000000710a00000, 0x0000000710a00000, 0x0000000710c00000|  0%| F|  |TAMS 0x0000000710a00000| PB 0x0000000710a00000| Untracked |  0
|  87|0x0000000710c00000, 0x0000000710c00000, 0x0000000710e00000|  0%| F|  |TAMS 0x0000000710c00000| PB 0x0000000710c00000| Untracked |  0
|  88|0x0000000710e00000, 0x0000000710e00000, 0x0000000711000000|  0%| F|  |TAMS 0x0000000710e00000| PB 0x0000000710e00000| Untracked |  0
|  89|0x0000000711000000, 0x0000000711000000, 0x0000000711200000|  0%| F|  |TAMS 0x0000000711000000| PB 0x0000000711000000| Untracked |  0
|  90|0x0000000711200000, 0x0000000711200000, 0x0000000711400000|  0%| F|  |TAMS 0x0000000711200000| PB 0x0000000711200000| Untracked |  0
|  91|0x0000000711400000, 0x0000000711400000, 0x0000000711600000|  0%| F|  |TAMS 0x0000000711400000| PB 0x0000000711400000| Untracked |  0
|  92|0x0000000711600000, 0x0000000711600000, 0x0000000711800000|  0%| F|  |TAMS 0x0000000711600000| PB 0x0000000711600000| Untracked |  0
|  93|0x0000000711800000, 0x0000000711800000, 0x0000000711a00000|  0%| F|  |TAMS 0x0000000711800000| PB 0x0000000711800000| Untracked |  0
|  94|0x0000000711a00000, 0x0000000711a00000, 0x0000000711c00000|  0%| F|  |TAMS 0x0000000711a00000| PB 0x0000000711a00000| Untracked |  0
|  95|0x0000000711c00000, 0x0000000711c00000, 0x0000000711e00000|  0%| F|  |TAMS 0x0000000711c00000| PB 0x0000000711c00000| Untracked |  0
|  96|0x0000000711e00000, 0x0000000711e00000, 0x0000000712000000|  0%| F|  |TAMS 0x0000000711e00000| PB 0x0000000711e00000| Untracked |  0
|  97|0x0000000712000000, 0x0000000712000000, 0x0000000712200000|  0%| F|  |TAMS 0x0000000712000000| PB 0x0000000712000000| Untracked |  0
|  98|0x0000000712200000, 0x0000000712200000, 0x0000000712400000|  0%| F|  |TAMS 0x0000000712200000| PB 0x0000000712200000| Untracked |  0
|  99|0x0000000712400000, 0x0000000712400000, 0x0000000712600000|  0%| F|  |TAMS 0x0000000712400000| PB 0x0000000712400000| Untracked |  0
| 100|0x0000000712600000, 0x0000000712600000, 0x0000000712800000|  0%| F|  |TAMS 0x0000000712600000| PB 0x0000000712600000| Untracked |  0
| 101|0x0000000712800000, 0x0000000712800000, 0x0000000712a00000|  0%| F|  |TAMS 0x0000000712800000| PB 0x0000000712800000| Untracked |  0
| 102|0x0000000712a00000, 0x0000000712a00000, 0x0000000712c00000|  0%| F|  |TAMS 0x0000000712a00000| PB 0x0000000712a00000| Untracked |  0
| 103|0x0000000712c00000, 0x0000000712c00000, 0x0000000712e00000|  0%| F|  |TAMS 0x0000000712c00000| PB 0x0000000712c00000| Untracked |  0
| 104|0x0000000712e00000, 0x0000000712e00000, 0x0000000713000000|  0%| F|  |TAMS 0x0000000712e00000| PB 0x0000000712e00000| Untracked |  0
| 105|0x0000000713000000, 0x0000000713000000, 0x0000000713200000|  0%| F|  |TAMS 0x0000000713000000| PB 0x0000000713000000| Untracked |  0
| 106|0x0000000713200000, 0x0000000713200000, 0x0000000713400000|  0%| F|  |TAMS 0x0000000713200000| PB 0x0000000713200000| Untracked |  0
| 107|0x0000000713400000, 0x0000000713400000, 0x0000000713600000|  0%| F|  |TAMS 0x0000000713400000| PB 0x0000000713400000| Untracked |  0
| 108|0x0000000713600000, 0x0000000713600000, 0x0000000713800000|  0%| F|  |TAMS 0x0000000713600000| PB 0x0000000713600000| Untracked |  0
| 109|0x0000000713800000, 0x0000000713800000, 0x0000000713a00000|  0%| F|  |TAMS 0x0000000713800000| PB 0x0000000713800000| Untracked |  0
| 110|0x0000000713a00000, 0x0000000713a00000, 0x0000000713c00000|  0%| F|  |TAMS 0x0000000713a00000| PB 0x0000000713a00000| Untracked |  0
| 111|0x0000000713c00000, 0x0000000713c00000, 0x0000000713e00000|  0%| F|  |TAMS 0x0000000713c00000| PB 0x0000000713c00000| Untracked |  0
| 112|0x0000000713e00000, 0x0000000713e00000, 0x0000000714000000|  0%| F|  |TAMS 0x0000000713e00000| PB 0x0000000713e00000| Untracked |  0
| 113|0x0000000714000000, 0x0000000714000000, 0x0000000714200000|  0%| F|  |TAMS 0x0000000714000000| PB 0x0000000714000000| Untracked |  0
| 114|0x0000000714200000, 0x0000000714200000, 0x0000000714400000|  0%| F|  |TAMS 0x0000000714200000| PB 0x0000000714200000| Untracked |  0
| 115|0x0000000714400000, 0x0000000714400000, 0x0000000714600000|  0%| F|  |TAMS 0x0000000714400000| PB 0x0000000714400000| Untracked |  0
| 116|0x0000000714600000, 0x0000000714600000, 0x0000000714800000|  0%| F|  |TAMS 0x0000000714600000| PB 0x0000000714600000| Untracked |  0
| 117|0x0000000714800000, 0x0000000714800000, 0x0000000714a00000|  0%| F|  |TAMS 0x0000000714800000| PB 0x0000000714800000| Untracked |  0
| 118|0x0000000714a00000, 0x0000000714a00000, 0x0000000714c00000|  0%| F|  |TAMS 0x0000000714a00000| PB 0x0000000714a00000| Untracked |  0
| 119|0x0000000714c00000, 0x0000000714c00000, 0x0000000714e00000|  0%| F|  |TAMS 0x0000000714c00000| PB 0x0000000714c00000| Untracked |  0
| 120|0x0000000714e00000, 0x0000000714e00000, 0x0000000715000000|  0%| F|  |TAMS 0x0000000714e00000| PB 0x0000000714e00000| Untracked |  0
| 121|0x0000000715000000, 0x0000000715000000, 0x0000000715200000|  0%| F|  |TAMS 0x0000000715000000| PB 0x0000000715000000| Untracked |  0
| 122|0x0000000715200000, 0x0000000715200000, 0x0000000715400000|  0%| F|  |TAMS 0x0000000715200000| PB 0x0000000715200000| Untracked |  0
| 123|0x0000000715400000, 0x00000007155efca0, 0x0000000715600000| 96%| E|  |TAMS 0x0000000715400000| PB 0x0000000715400000| Complete |  0
| 124|0x0000000715600000, 0x0000000715800000, 0x0000000715800000|100%| E|CS|TAMS 0x0000000715600000| PB 0x0000000715600000| Complete |  0
| 125|0x0000000715800000, 0x0000000715a00000, 0x0000000715a00000|100%| E|CS|TAMS 0x0000000715800000| PB 0x0000000715800000| Complete |  0

Card table byte_map: [0x00000225ac360000,0x00000225acb40000] _byte_map_base: 0x00000225a8b31000

Marking Bits: (CMBitMap*) 0x000002259435a0a0
 Bits: [0x00000225acb40000, 0x00000225b09c8000)

Polling page: 0x0000022592290000

Metaspace:

Usage:
  Non-class:      1.18 MB used.
      Class:    119.37 KB used.
       Both:      1.29 MB used.

Virtual space:
  Non-class space:       64.00 MB reserved,       1.25 MB (  2%) committed,  1 nodes.
      Class space:        1.00 GB reserved,     192.00 KB ( <1%) committed,  1 nodes.
             Both:        1.06 GB reserved,       1.44 MB ( <1%) committed. 

Chunk freelists:
   Non-Class:  11.62 MB
       Class:  15.69 MB
        Both:  27.31 MB

MaxMetaspaceSize: unlimited
CompressedClassSpaceSize: 1.00 GB
Initial GC threshold: 21.00 MB
Current GC threshold: 21.00 MB
CDS: on
 - commit_granule_bytes: 65536.
 - commit_granule_words: 8192.
 - virtual_space_node_default_size: 8388608.
 - enlarge_chunks_in_place: 1.
 - use_allocation_guard: 0.


Internal statistics:

num_allocs_failed_limit: 0.
num_arena_births: 26.
num_arena_deaths: 0.
num_vsnodes_births: 2.
num_vsnodes_deaths: 0.
num_space_committed: 23.
num_space_uncommitted: 0.
num_chunks_returned_to_freelist: 0.
num_chunks_taken_from_freelist: 50.
num_chunk_merges: 0.
num_chunk_splits: 33.
num_chunks_enlarged: 25.
num_inconsistent_stats: 0.

CodeHeap 'non-profiled nmethods': size=120000Kb used=114Kb max_used=114Kb free=119885Kb
 bounds [0x00000225a4100000, 0x00000225a4370000, 0x00000225ab630000]
CodeHeap 'profiled nmethods': size=120000Kb used=479Kb max_used=479Kb free=119520Kb
 bounds [0x000002259c630000, 0x000002259c8a0000, 0x00000225a3b60000]
CodeHeap 'non-nmethods': size=5760Kb used=1309Kb max_used=1322Kb free=4450Kb
 bounds [0x00000225a3b60000, 0x00000225a3dd0000, 0x00000225a4100000]
 total_blobs=789 nmethods=369 adapters=324
 compilation: enabled
              stopped_count=0, restarted_count=0
 full_count=0

Compilation events (20 events):
Event: 0.216 Thread 0x00000225b37b5ee0 nmethod 237 0x000002259c674b90 code [0x000002259c674d40, 0x000002259c674f60]
Event: 0.216 Thread 0x00000225b37b5ee0  232       2       java.lang.StringUTF16::putChar (54 bytes)
Event: 0.216 Thread 0x00000225b37b5ee0 nmethod 232 0x000002259c675090 code [0x000002259c675220, 0x000002259c675360]
Event: 0.216 Thread 0x00000225b37b5ee0  236       1       java.util.jar.Attributes$Name::hashCode (5 bytes)
Event: 0.216 Thread 0x00000225b37b5ee0 nmethod 236 0x00000225a4111290 code [0x00000225a4111420, 0x00000225a41114e8]
Event: 0.216 Thread 0x00000225b37b5ee0  234       3       java.util.HashMap::get (19 bytes)
Event: 0.216 Thread 0x00000225b37b5ee0 nmethod 234 0x000002259c675490 code [0x000002259c675640, 0x000002259c6757f8]
Event: 0.216 Thread 0x00000225b37b5ee0  231       3       java.util.Objects::checkFromIndexSize (8 bytes)
Event: 0.216 Thread 0x00000225b37b5ee0 nmethod 231 0x000002259c675910 code [0x000002259c675ac0, 0x000002259c675cc8]
Event: 0.217 Thread 0x00000225b37b5ee0  238       3       java.lang.StringConcatHelper::stringOf (20 bytes)
Event: 0.217 Thread 0x00000225b37b5ee0 nmethod 238 0x000002259c675e10 code [0x000002259c675fc0, 0x000002259c6761f0]
Event: 0.217 Thread 0x00000225b37b5ee0  239       3       java.lang.StringConcatHelper::mix (27 bytes)
Event: 0.217 Thread 0x00000225b37b5ee0 nmethod 239 0x000002259c676290 code [0x000002259c676460, 0x000002259c676848]
Event: 0.217 Thread 0x00000225b37b5ee0  240   !   3       jdk.internal.loader.URLClassPath$JarLoader::ensureOpen (36 bytes)
Event: 0.218 Thread 0x00000225b37b5ee0 nmethod 240 0x000002259c676a10 code [0x000002259c676be0, 0x000002259c677010]
Event: 0.218 Thread 0x00000225b37b5ee0  241       3       java.util.jar.Manifest$FastInputStream::peek (38 bytes)
Event: 0.218 Thread 0x00000225b37b5ee0 nmethod 241 0x000002259c677190 code [0x000002259c677340, 0x000002259c677558]
Event: 0.218 Thread 0x00000225b37b5ee0  242       3       java.util.ImmutableCollections$MapN::get (35 bytes)
Event: 0.218 Thread 0x00000225b37b5ee0 nmethod 242 0x000002259c677690 code [0x000002259c677880, 0x000002259c677c28]
Event: 0.220 Thread 0x00000225b37b5ee0  248   !   3       java.io.RandomAccessFile::readBytes (32 bytes)

GC Heap History (0 events):
No events

Dll operation events (5 events):
Event: 0.006 Loaded shared library C:\Program Files\Java\jdk-22\bin\java.dll
Event: 0.122 Loaded shared library C:\Program Files\Java\jdk-22\bin\jsvml.dll
Event: 0.139 Loaded shared library C:\Program Files\Java\jdk-22\bin\net.dll
Event: 0.140 Loaded shared library C:\Program Files\Java\jdk-22\bin\nio.dll
Event: 0.143 Loaded shared library C:\Program Files\Java\jdk-22\bin\zip.dll

Deoptimization events (8 events):
Event: 0.177 Thread 0x0000022591fb74a0 Uncommon trap: trap_request=0xffffff45 fr.pc=0x00000225a4107bf8 relative=0x00000000000002b8
Event: 0.177 Thread 0x0000022591fb74a0 Uncommon trap: reason=unstable_if action=reinterpret pc=0x00000225a4107bf8 method=java.lang.StringLatin1.hashCode([B)I @ 2 c2
Event: 0.177 Thread 0x0000022591fb74a0 DEOPT PACKING pc=0x00000225a4107bf8 sp=0x00000071a11fd590
Event: 0.177 Thread 0x0000022591fb74a0 DEOPT UNPACKING pc=0x00000225a3bb46a2 sp=0x00000071a11fd4c8 mode 2
Event: 0.213 Thread 0x0000022591fb74a0 Uncommon trap: trap_request=0xffffff45 fr.pc=0x00000225a410aacc relative=0x000000000000012c
Event: 0.213 Thread 0x0000022591fb74a0 Uncommon trap: reason=unstable_if action=reinterpret pc=0x00000225a410aacc method=java.lang.StringCoding.countPositives([BII)I @ 17 c2
Event: 0.213 Thread 0x0000022591fb74a0 DEOPT PACKING pc=0x00000225a410aacc sp=0x00000071a11fa180
Event: 0.213 Thread 0x0000022591fb74a0 DEOPT UNPACKING pc=0x00000225a3bb46a2 sp=0x00000071a11fa120 mode 2

Classes loaded (20 events):
Event: 0.179 Loading class jdk/internal/loader/URLClassPath$FileLoader
Event: 0.179 Loading class jdk/internal/loader/URLClassPath$FileLoader done
Event: 0.192 Loading class sun/net/www/protocol/file/FileURLConnection
Event: 0.192 Loading class sun/net/www/URLConnection
Event: 0.192 Loading class java/net/URLConnection
Event: 0.192 Loading class java/net/URLConnection done
Event: 0.192 Loading class sun/net/www/URLConnection done
Event: 0.192 Loading class sun/net/www/protocol/file/FileURLConnection done
Event: 0.192 Loading class sun/net/www/MessageHeader
Event: 0.192 Loading class sun/net/www/MessageHeader done
Event: 0.193 Loading class java/io/FilePermission$1
Event: 0.193 Loading class jdk/internal/access/JavaIOFilePermissionAccess
Event: 0.193 Loading class jdk/internal/access/JavaIOFilePermissionAccess done
Event: 0.193 Loading class java/io/FilePermission$1 done
Event: 0.197 Loading class java/io/FilePermissionCollection
Event: 0.197 Loading class java/io/FilePermissionCollection done
Event: 0.197 Loading class java/util/Vector
Event: 0.197 Loading class java/util/Vector done
Event: 0.217 Loading class java/lang/IllegalStateException
Event: 0.217 Loading class java/lang/IllegalStateException done

Classes unloaded (0 events):
No events

Classes redefined (0 events):
No events

Internal exceptions (1 events):
Event: 0.175 Thread 0x0000022591fb74a0 Exception <a 'java/lang/NoSuchMethodError'{0x00000007156fb7c8}: 'int java.lang.invoke.DirectMethodHandle$Holder.invokeSpecial(java.lang.Object, java.lang.Object, java.lang.Object)'> (0x00000007156fb7c8) 
thrown [s\open\src\hotspot\share\interpreter\linkResolver.cpp, line 774]

ZGC Phase Switch (0 events):
No events

VM Operations (2 events):
Event: 0.143 Executing VM operation: HandshakeAllThreads (Deoptimize)
Event: 0.143 Executing VM operation: HandshakeAllThreads (Deoptimize) done

Events (11 events):
Event: 0.103 Thread 0x0000022591fb74a0 Thread added: 0x0000022591fb74a0
Event: 0.118 Thread 0x00000225b3448d90 Thread added: 0x00000225b3448d90
Event: 0.119 Thread 0x00000225b3449950 Thread added: 0x00000225b3449950
Event: 0.120 Thread 0x00000225b37842a0 Thread added: 0x00000225b37842a0
Event: 0.120 Thread 0x00000225b3784f80 Thread added: 0x00000225b3784f80
Event: 0.120 Thread 0x00000225b37859e0 Thread added: 0x00000225b37859e0
Event: 0.120 Thread 0x00000225b3786440 Thread added: 0x00000225b3786440
Event: 0.120 Thread 0x00000225b3791840 Thread added: 0x00000225b3791840
Event: 0.120 Thread 0x00000225b37b5ee0 Thread added: 0x00000225b37b5ee0
Event: 0.135 Thread 0x00000225b3936bc0 Thread added: 0x00000225b3936bc0
Event: 0.137 Thread 0x00000225b394a470 Thread added: 0x00000225b394a470


Dynamic libraries:
0x00007ff6023d0000 - 0x00007ff6023e0000 	C:\Program Files\Java\jdk-22\bin\java.exe
0x00007ff87e9f0000 - 0x00007ff87ec07000 	C:\WINDOWS\SYSTEM32\ntdll.dll
0x00007ff87cac0000 - 0x00007ff87cb84000 	C:\WINDOWS\System32\KERNEL32.DLL
0x00007ff87c180000 - 0x00007ff87c52d000 	C:\WINDOWS\System32\KERNELBASE.dll
0x00007ff87c060000 - 0x00007ff87c171000 	C:\WINDOWS\System32\ucrtbase.dll
0x00007ff867bf0000 - 0x00007ff867c0b000 	C:\Program Files\Java\jdk-22\bin\VCRUNTIME140.dll
0x00007ff844ca0000 - 0x00007ff844cb7000 	C:\Program Files\Java\jdk-22\bin\jli.dll
0x00007ff87d540000 - 0x00007ff87d5f2000 	C:\WINDOWS\System32\ADVAPI32.dll
0x00007ff87c720000 - 0x00007ff87c7c7000 	C:\WINDOWS\System32\msvcrt.dll
0x00007ff87dd90000 - 0x00007ff87de39000 	C:\WINDOWS\System32\sechost.dll
0x00007ff87c5d0000 - 0x00007ff87c5f8000 	C:\WINDOWS\System32\bcrypt.dll
0x00007ff87cbb0000 - 0x00007ff87ccc4000 	C:\WINDOWS\System32\RPCRT4.dll
0x00007ff87dbe0000 - 0x00007ff87dd8e000 	C:\WINDOWS\System32\USER32.dll
0x00007ff87be80000 - 0x00007ff87bea6000 	C:\WINDOWS\System32\win32u.dll
0x00007ff86d500000 - 0x00007ff86d793000 	C:\WINDOWS\WinSxS\amd64_microsoft.windows.common-controls_6595b64144ccf1df_6.0.22621.3672_none_2713b9d173822955\COMCTL32.dll
0x00007ff87e520000 - 0x00007ff87e549000 	C:\WINDOWS\System32\GDI32.dll
0x00007ff87c600000 - 0x00007ff87c719000 	C:\WINDOWS\System32\gdi32full.dll
0x00007ff87c530000 - 0x00007ff87c5ca000 	C:\WINDOWS\System32\msvcp_win.dll
0x00007ff8733f0000 - 0x00007ff8733fa000 	C:\WINDOWS\SYSTEM32\VERSION.dll
0x00007ff87c8d0000 - 0x00007ff87c901000 	C:\WINDOWS\System32\IMM32.DLL
0x00007ff86e2e0000 - 0x00007ff86e2ec000 	C:\Program Files\Java\jdk-22\bin\vcruntime140_1.dll
0x00007ff84a600000 - 0x00007ff84a68e000 	C:\Program Files\Java\jdk-22\bin\msvcp140.dll
0x00007ffff5e80000 - 0x00007ffff6bc7000 	C:\Program Files\Java\jdk-22\bin\server\jvm.dll
0x00007ff87e550000 - 0x00007ff87e5c1000 	C:\WINDOWS\System32\WS2_32.dll
0x00007ff87abc0000 - 0x00007ff87ac0d000 	C:\WINDOWS\SYSTEM32\POWRPROF.dll
0x00007ff876490000 - 0x00007ff8764c4000 	C:\WINDOWS\SYSTEM32\WINMM.dll
0x00007ff87aba0000 - 0x00007ff87abb3000 	C:\WINDOWS\SYSTEM32\UMPDC.dll
0x00007ff87ae50000 - 0x00007ff87ae68000 	C:\WINDOWS\SYSTEM32\kernel.appcore.dll
0x00007ff867be0000 - 0x00007ff867bea000 	C:\Program Files\Java\jdk-22\bin\jimage.dll
0x00007ff879740000 - 0x00007ff879972000 	C:\WINDOWS\SYSTEM32\DBGHELP.DLL
0x00007ff87d6f0000 - 0x00007ff87da7e000 	C:\WINDOWS\System32\combase.dll
0x00007ff87e6e0000 - 0x00007ff87e7b7000 	C:\WINDOWS\System32\OLEAUT32.dll
0x00007ff866100000 - 0x00007ff866132000 	C:\WINDOWS\SYSTEM32\dbgcore.DLL
0x00007ff87beb0000 - 0x00007ff87bf2b000 	C:\WINDOWS\System32\bcryptPrimitives.dll
0x00007ff860040000 - 0x00007ff86005e000 	C:\Program Files\Java\jdk-22\bin\java.dll
0x00007ff87ccd0000 - 0x00007ff87d537000 	C:\WINDOWS\System32\SHELL32.dll
0x00007ff87c910000 - 0x00007ff87cab5000 	C:\WINDOWS\System32\ole32.dll
0x00007ff879c90000 - 0x00007ff87a58f000 	C:\WINDOWS\SYSTEM32\windows.storage.dll
0x00007ff879b50000 - 0x00007ff879c8f000 	C:\WINDOWS\SYSTEM32\wintypes.dll
0x00007ff87e5e0000 - 0x00007ff87e6d9000 	C:\WINDOWS\System32\SHCORE.dll
0x00007ff87d660000 - 0x00007ff87d6be000 	C:\WINDOWS\System32\shlwapi.dll
0x00007ff87bc40000 - 0x00007ff87bc67000 	C:\WINDOWS\SYSTEM32\profapi.dll
0x00007ff84a690000 - 0x00007ff84a767000 	C:\Program Files\Java\jdk-22\bin\jsvml.dll
0x00007ff867630000 - 0x00007ff867640000 	C:\Program Files\Java\jdk-22\bin\net.dll
0x00007ff87b2c0000 - 0x00007ff87b329000 	C:\WINDOWS\system32\mswsock.dll
0x00007ff860020000 - 0x00007ff860036000 	C:\Program Files\Java\jdk-22\bin\nio.dll
0x00007ff860000000 - 0x00007ff860017000 	C:\Program Files\Java\jdk-22\bin\zip.dll
0x0000000069ac0000 - 0x0000000069ae4000 	D:\netbean\NetBeans-21\netbeans\java\maven\lib\jansi-native\Windows\x86_64\jansi.dll

dbghelp: loaded successfully - version: 4.0.5 - missing functions: none
symbol engine: initialized successfully - sym options: 0x614 - pdb path: .;C:\Program Files\Java\jdk-22\bin;C:\WINDOWS\SYSTEM32;C:\WINDOWS\WinSxS\amd64_microsoft.windows.common-controls_6595b64144ccf1df_6.0.22621.3672_none_2713b9d173822955;C:\Program Files\Java\jdk-22\bin\server;D:\netbean\NetBeans-21\netbeans\java\maven\lib\jansi-native\Windows\x86_64

VM Arguments:
jvm_args: -Dclassworlds.conf=D:\netbean\NetBeans-21\netbeans\java\maven\bin\m2.conf -Dmaven.home=D:\netbean\NetBeans-21\netbeans\java\maven -Dlibrary.jansi.path=D:\netbean\NetBeans-21\netbeans\java\maven\lib\jansi-native -Dmaven.multiModuleProjectDirectory=E:\quanlybanhangcaffe\Quanlycafee 
java_command: org.codehaus.plexus.classworlds.launcher.Launcher -Dexec.vmArgs= -Dexec.args=${exec.vmArgs} -classpath %classpath ${exec.mainClass} ${exec.appArgs} -Dexec.executable=C:\Program Files\Java\jdk-22\bin\java.exe -Dexec.mainClass=cafe.quanlisp.sanpham -Dexec.classpathScope=runtime -Dexec.appArgs= -Dmaven.ext.class.path=D:\netbean\NetBeans-21\netbeans\java\maven-nblib\netbeans-eventspy.jar --no-transfer-progress process-classes org.codehaus.mojo:exec-maven-plugin:3.1.0:exec
java_class_path (initial): D:\netbean\NetBeans-21\netbeans\java\maven\boot\plexus-classworlds-2.7.0.jar
Launcher Type: SUN_STANDARD

[Global flags]
     intx CICompilerCount                          = 4                                         {product} {ergonomic}
     uint ConcGCThreads                            = 3                                         {product} {ergonomic}
     uint G1ConcRefinementThreads                  = 10                                        {product} {ergonomic}
   size_t G1HeapRegionSize                         = 2097152                                   {product} {ergonomic}
   size_t InitialHeapSize                          = 264241152                                 {product} {ergonomic}
   size_t MarkStackSize                            = 4194304                                   {product} {ergonomic}
   size_t MaxHeapSize                              = 4196401152                                {product} {ergonomic}
   size_t MaxNewSize                               = 2516582400                                {product} {ergonomic}
   size_t MinHeapDeltaBytes                        = 2097152                                   {product} {ergonomic}
   size_t MinHeapSize                              = 8388608                                   {product} {ergonomic}
    uintx NonNMethodCodeHeapSize                   = 5839372                                {pd product} {ergonomic}
    uintx NonProfiledCodeHeapSize                  = 122909434                              {pd product} {ergonomic}
    uintx ProfiledCodeHeapSize                     = 122909434                              {pd product} {ergonomic}
    uintx ReservedCodeCacheSize                    = 251658240                              {pd product} {ergonomic}
     bool SegmentedCodeCache                       = true                                      {product} {ergonomic}
   size_t SoftMaxHeapSize                          = 4196401152                             {manageable} {ergonomic}
     bool UseCompressedOops                        = true                           {product lp64_product} {ergonomic}
     bool UseG1GC                                  = true                                      {product} {ergonomic}
     bool UseLargePagesIndividualAllocation        = false                                  {pd product} {ergonomic}

Logging:
Log output configuration:
 #0: stdout all=warning uptime,level,tags foldmultilines=false
 #1: stderr all=off uptime,level,tags foldmultilines=false

Environment Variables:
JAVA_HOME=C:\Program Files\Java\jdk-22
PATH=C:\Program Files\Microsoft MPI\Bin\;C:\Program Files\Common Files\Oracle\Java\javapath;C:\Windows\system32;C:\Windows;C:\Windows\System32\Wbem;C:\Windows\System32\WindowsPowerShell\v1.0\;C:\Windows\System32\OpenSSH\;C:\Program Files (x86)\NVIDIA Corporation\PhysX\Common;C:\Program Files\NVIDIA Corporation\NVIDIA NvDLISR;C:\WINDOWS\system32;C:\WINDOWS;C:\WINDOWS\System32\Wbem;C:\WINDOWS\System32\WindowsPowerShell\v1.0\;C:\WINDOWS\System32\OpenSSH\;E:\github\Git\cmd;C:\Program Files\Docker\Docker\resources\bin;C:\Program Files (x86)\Microsoft SQL Server\160\Tools\Binn\;C:\Program Files\Microsoft SQL Server\160\Tools\Binn\;C:\Program Files\Microsoft SQL Server\Client SDK\ODBC\170\Tools\Binn\;C:\Program Files\Microsoft SQL Server\160\DTS\Binn\;C:\Program Files (x86)\Microsoft SQL Server\160\DTS\Binn\;C:\Users\Admin\AppData\Local\Programs\Python\Launcher\;C:\Users\Admin\AppData\Local\Microsoft\WindowsApps;;D:\IntelliJ IDEA 2023.2.5\bin;;D:\ltweb\Microsoft VS Code\bin
USERNAME=Admin
OS=Windows_NT
PROCESSOR_IDENTIFIER=Intel64 Family 6 Model 154 Stepping 3, GenuineIntel
TMP=C:\Users\Admin\AppData\Local\Temp
TEMP=C:\Users\Admin\AppData\Local\Temp




Periodic native trim disabled

---------------  S Y S T E M  ---------------

OS:
 Windows 11 , 64 bit Build 22621 (10.0.22621.3958)
OS uptime: 36 days 5:31 hours

CPU: total 12 (initial active 12) (6 cores per cpu, 2 threads per core) family 6 model 154 stepping 3 microcode 0x429, cx8, cmov, fxsr, ht, mmx, 3dnowpref, sse, sse2, sse3, ssse3, sse4.1, sse4.2, popcnt, lzcnt, tsc, tscinvbit, avx, avx2, aes, erms, clmul, bmi1, bmi2, adx, sha, fma, vzeroupper, clflush, clflushopt, clwb, serialize, rdtscp, rdpid, fsrm, f16c, pku, cet_ibt, cet_ss
Processor Information for processor 0
  Max Mhz: 2000, Current Mhz: 2000, Mhz Limit: 2000
Processor Information for processor 1
  Max Mhz: 2000, Current Mhz: 2000, Mhz Limit: 2000
Processor Information for processor 2
  Max Mhz: 2000, Current Mhz: 2000, Mhz Limit: 2000
Processor Information for processor 3
  Max Mhz: 2000, Current Mhz: 2000, Mhz Limit: 2000
Processor Information for processor 4
  Max Mhz: 2000, Current Mhz: 2000, Mhz Limit: 2000
Processor Information for processor 5
  Max Mhz: 2000, Current Mhz: 1520, Mhz Limit: 2000
Processor Information for processor 6
  Max Mhz: 2000, Current Mhz: 2000, Mhz Limit: 2000
Processor Information for processor 7
  Max Mhz: 2000, Current Mhz: 1520, Mhz Limit: 2000
Processor Information for processor 8
  Max Mhz: 2000, Current Mhz: 1466, Mhz Limit: 2000
Processor Information for processor 9
  Max Mhz: 2000, Current Mhz: 1466, Mhz Limit: 2000
Processor Information for processor 10
  Max Mhz: 2000, Current Mhz: 1466, Mhz Limit: 2000
Processor Information for processor 11
  Max Mhz: 2000, Current Mhz: 1466, Mhz Limit: 2000

Memory: 4k page, system-wide physical 16004M (2012M free)
TotalPageFile size 35577M (AvailPageFile size 11M)
current process WorkingSet (physical memory assigned to process): 46M, peak: 46M
current process commit charge ("private bytes"): 345M, peak: 345M

vm_info: Java HotSpot(TM) 64-Bit Server VM (22.0.1+8-16) for windows-amd64 JRE (22.0.1+8-16), built on 2024-03-12T10:33:16Z by "mach5one" with MS VC++ 17.6 (VS2022)

END.
